This is pdfTeX, Version 3.1415926-2.5-1.40.14 (MiKTeX 2.9) (preloaded format=pdflatex 2014.6.24)  14 DEC 2014 10:24
entering extended mode
**Air*pollution.tex
("F:\R‰∏éËá™Âä®ÂåñÊä•Âëä\RËØ≠Ë®Ä‰ºöËÆÆ\Air pollution.tex"
LaTeX2e <2014/05/01>
Babel <3.9k> and hyphenation patterns for 68 languages loaded.
(D:\Ctex\MiKTeX\tex\latex\beamer\base\beamer.cls
(D:\Ctex\MiKTeX\tex\latex\beamer\base\beamerbasercs.sty
Package: beamerbasercs 2013/12/25 (rcs-revision 31cc758a62ae)
)
Document Class: beamer 2013/12/02 3.33 A class for typesetting presentations (r
cs-revision 332bfd3ce558)
(D:\Ctex\MiKTeX\tex\latex\beamer\base\beamerbasemodes.sty
Package: beamerbasemodes 2013/09/03 (rcs-revision 768f2d98ca64)
\beamer@tempbox=\box26
\beamer@tempcount=\count79
\c@beamerpauses=\count80

(D:\Ctex\MiKTeX\tex\latex\beamer\base\beamerbasedecode.sty
Package: beamerbasedecode 2010/05/01 (rcs-revision efa082c6111d)
\beamer@slideinframe=\count81
\beamer@minimum=\count82
)
\beamer@commentbox=\box27
\beamer@modecount=\count83
)
(D:\Ctex\MiKTeX\tex\generic\oberdiek\ifpdf.sty
Package: ifpdf 2011/01/30 v2.3 Provides the ifpdf switch (HO)
Package ifpdf Info: pdfTeX in PDF mode is detected.
)
\headheight=\dimen102
\headdp=\dimen103
\footheight=\dimen104
\sidebarheight=\dimen105
\beamer@tempdim=\dimen106
\beamer@finalheight=\dimen107
\beamer@animht=\dimen108
\beamer@animdp=\dimen109
\beamer@animwd=\dimen110
\beamer@leftmargin=\dimen111
\beamer@rightmargin=\dimen112
\beamer@leftsidebar=\dimen113
\beamer@rightsidebar=\dimen114
\beamer@boxsize=\dimen115
\beamer@vboxoffset=\dimen116
\beamer@descdefault=\dimen117
\beamer@descriptionwidth=\dimen118
\beamer@lastskip=\skip41
\beamer@areabox=\box28
\beamer@animcurrent=\box29
\beamer@animshowbox=\box30
\beamer@sectionbox=\box31
\beamer@logobox=\box32
\beamer@linebox=\box33
\beamer@sectioncount=\count84
\beamer@subsubsectionmax=\count85
\beamer@subsectionmax=\count86
\beamer@sectionmax=\count87
\beamer@totalheads=\count88
\beamer@headcounter=\count89
\beamer@partstartpage=\count90
\beamer@sectionstartpage=\count91
\beamer@subsectionstartpage=\count92
\beamer@animationtempa=\count93
\beamer@animationtempb=\count94
\beamer@xpos=\count95
\beamer@ypos=\count96
\beamer@showpartnumber=\count97
\beamer@currentsubsection=\count98
\beamer@coveringdepth=\count99
\beamer@sectionadjust=\count100
\beamer@tocsectionnumber=\count101

(D:\Ctex\MiKTeX\tex\latex\beamer\base\beamerbaseoptions.sty
Package: beamerbaseoptions 2013/03/10 (rcs-revision 47431932db0d)

(D:\Ctex\MiKTeX\tex\latex\graphics\keyval.sty
Package: keyval 2014/05/08 v1.15 key=value parser (DPC)
\KV@toks@=\toks14
))
\beamer@paperwidth=\skip42
\beamer@paperheight=\skip43

(D:\Ctex\MiKTeX\tex\latex\geometry\geometry.sty
Package: geometry 2010/09/12 v5.6 Page Geometry

(D:\Ctex\MiKTeX\tex\generic\oberdiek\ifvtex.sty
Package: ifvtex 2010/03/01 v1.5 Detect VTeX and its facilities (HO)
Package ifvtex Info: VTeX not detected.
)
(D:\Ctex\MiKTeX\tex\generic\ifxetex\ifxetex.sty
Package: ifxetex 2010/09/12 v0.6 Provides ifxetex conditional
)
\Gm@cnth=\count102
\Gm@cntv=\count103
\c@Gm@tempcnt=\count104
\Gm@bindingoffset=\dimen119
\Gm@wd@mp=\dimen120
\Gm@odd@mp=\dimen121
\Gm@even@mp=\dimen122
\Gm@layoutwidth=\dimen123
\Gm@layoutheight=\dimen124
\Gm@layouthoffset=\dimen125
\Gm@layoutvoffset=\dimen126
\Gm@dimlist=\toks15

(D:\Ctex\MiKTeX\tex\latex\geometry\geometry.cfg))
(D:\Ctex\MiKTeX\tex\latex\base\size10.clo
File: size10.clo 2007/10/19 v1.4h Standard LaTeX file (size option)
)
(D:\Ctex\MiKTeX\tex\latex\pgf\basiclayer\pgfcore.sty
(D:\Ctex\MiKTeX\tex\latex\graphics\graphicx.sty
Package: graphicx 2014/04/25 v1.0g Enhanced LaTeX Graphics (DPC,SPQR)

(D:\Ctex\MiKTeX\tex\latex\graphics\graphics.sty
Package: graphics 2009/02/05 v1.0o Standard LaTeX Graphics (DPC,SPQR)

(D:\Ctex\MiKTeX\tex\latex\graphics\trig.sty
Package: trig 1999/03/16 v1.09 sin cos tan (DPC)
)
(D:\Ctex\MiKTeX\tex\latex\00miktex\graphics.cfg
File: graphics.cfg 2007/01/18 v1.5 graphics configuration of teTeX/TeXLive
)
Package graphics Info: Driver file: pdftex.def on input line 91.

(D:\Ctex\MiKTeX\tex\latex\pdftex-def\pdftex.def
File: pdftex.def 2011/05/27 v0.06d Graphics/color for pdfTeX

(D:\Ctex\MiKTeX\tex\generic\oberdiek\infwarerr.sty
Package: infwarerr 2010/04/08 v1.3 Providing info/warning/error messages (HO)
)
(D:\Ctex\MiKTeX\tex\generic\oberdiek\ltxcmds.sty
Package: ltxcmds 2011/11/09 v1.22 LaTeX kernel commands for general use (HO)
)
\Gread@gobject=\count105
))
\Gin@req@height=\dimen127
\Gin@req@width=\dimen128
)
(D:\Ctex\MiKTeX\tex\latex\pgf\systemlayer\pgfsys.sty
(D:\Ctex\MiKTeX\tex\latex\pgf\utilities\pgfrcs.sty
(D:\Ctex\MiKTeX\tex\generic\pgf\utilities\pgfutil-common.tex
\pgfutil@everybye=\toks16
\pgfutil@tempdima=\dimen129
\pgfutil@tempdimb=\dimen130

(D:\Ctex\MiKTeX\tex\generic\pgf\utilities\pgfutil-common-lists.tex))
(D:\Ctex\MiKTeX\tex\generic\pgf\utilities\pgfutil-latex.def
\pgfutil@abb=\box34

(D:\Ctex\MiKTeX\tex\latex\ms\everyshi.sty
Package: everyshi 2001/05/15 v3.00 EveryShipout Package (MS)
))
(D:\Ctex\MiKTeX\tex\generic\pgf\utilities\pgfrcs.code.tex
Package: pgfrcs 2013/12/20 v3.0.0 (rcs-revision 1.28)
))
(D:\Ctex\MiKTeX\tex\generic\pgf\systemlayer\pgfsys.code.tex
Package: pgfsys 2013/11/30 v3.0.0 (rcs-revision 1.47)

(D:\Ctex\MiKTeX\tex\generic\pgf\utilities\pgfkeys.code.tex
\pgfkeys@pathtoks=\toks17
\pgfkeys@temptoks=\toks18

(D:\Ctex\MiKTeX\tex\generic\pgf\utilities\pgfkeysfiltered.code.tex
\pgfkeys@tmptoks=\toks19
))
\pgf@x=\dimen131
\pgf@y=\dimen132
\pgf@xa=\dimen133
\pgf@ya=\dimen134
\pgf@xb=\dimen135
\pgf@yb=\dimen136
\pgf@xc=\dimen137
\pgf@yc=\dimen138
\w@pgf@writea=\write3
\r@pgf@reada=\read1
\c@pgf@counta=\count106
\c@pgf@countb=\count107
\c@pgf@countc=\count108
\c@pgf@countd=\count109
\t@pgf@toka=\toks20
\t@pgf@tokb=\toks21
\t@pgf@tokc=\toks22

(D:\Ctex\MiKTeX\tex\generic\pgf\systemlayer\pgf.cfg
File: pgf.cfg 2008/05/14  (rcs-revision 1.7)
)
Driver file for pgf: pgfsys-pdftex.def

(D:\Ctex\MiKTeX\tex\generic\pgf\systemlayer\pgfsys-pdftex.def
File: pgfsys-pdftex.def 2013/07/18  (rcs-revision 1.33)

(D:\Ctex\MiKTeX\tex\generic\pgf\systemlayer\pgfsys-common-pdf.def
File: pgfsys-common-pdf.def 2013/10/10  (rcs-revision 1.13)
)))
(D:\Ctex\MiKTeX\tex\generic\pgf\systemlayer\pgfsyssoftpath.code.tex
File: pgfsyssoftpath.code.tex 2013/09/09  (rcs-revision 1.9)
\pgfsyssoftpath@smallbuffer@items=\count110
\pgfsyssoftpath@bigbuffer@items=\count111
)
(D:\Ctex\MiKTeX\tex\generic\pgf\systemlayer\pgfsysprotocol.code.tex
File: pgfsysprotocol.code.tex 2006/10/16  (rcs-revision 1.4)
))
(D:\Ctex\MiKTeX\tex\latex\xcolor\xcolor.sty
Package: xcolor 2007/01/21 v2.11 LaTeX color extensions (UK)

(D:\Ctex\MiKTeX\tex\latex\00miktex\color.cfg
File: color.cfg 2007/01/18 v1.5 color configuration of teTeX/TeXLive
)
Package xcolor Info: Driver file: pdftex.def on input line 225.
Package xcolor Info: Model `cmy' substituted by `cmy0' on input line 1337.
Package xcolor Info: Model `hsb' substituted by `rgb' on input line 1341.
Package xcolor Info: Model `RGB' extended on input line 1353.
Package xcolor Info: Model `HTML' substituted by `rgb' on input line 1355.
Package xcolor Info: Model `Hsb' substituted by `hsb' on input line 1356.
Package xcolor Info: Model `tHsb' substituted by `hsb' on input line 1357.
Package xcolor Info: Model `HSB' substituted by `hsb' on input line 1358.
Package xcolor Info: Model `Gray' substituted by `gray' on input line 1359.
Package xcolor Info: Model `wave' substituted by `hsb' on input line 1360.
)
(D:\Ctex\MiKTeX\tex\generic\pgf\basiclayer\pgfcore.code.tex
Package: pgfcore 2010/04/11 v3.0.0 (rcs-revision 1.7)

(D:\Ctex\MiKTeX\tex\generic\pgf\math\pgfmath.code.tex
(D:\Ctex\MiKTeX\tex\generic\pgf\math\pgfmathcalc.code.tex
(D:\Ctex\MiKTeX\tex\generic\pgf\math\pgfmathutil.code.tex)
(D:\Ctex\MiKTeX\tex\generic\pgf\math\pgfmathparser.code.tex
\pgfmath@dimen=\dimen139
\pgfmath@count=\count112
\pgfmath@box=\box35
\pgfmath@toks=\toks23
\pgfmath@stack@operand=\toks24
\pgfmath@stack@operation=\toks25
)
(D:\Ctex\MiKTeX\tex\generic\pgf\math\pgfmathfunctions.code.tex
(D:\Ctex\MiKTeX\tex\generic\pgf\math\pgfmathfunctions.basic.code.tex)
(D:\Ctex\MiKTeX\tex\generic\pgf\math\pgfmathfunctions.trigonometric.code.tex)
(D:\Ctex\MiKTeX\tex\generic\pgf\math\pgfmathfunctions.random.code.tex)
(D:\Ctex\MiKTeX\tex\generic\pgf\math\pgfmathfunctions.comparison.code.tex)
(D:\Ctex\MiKTeX\tex\generic\pgf\math\pgfmathfunctions.base.code.tex)
(D:\Ctex\MiKTeX\tex\generic\pgf\math\pgfmathfunctions.round.code.tex)
(D:\Ctex\MiKTeX\tex\generic\pgf\math\pgfmathfunctions.misc.code.tex)
(D:\Ctex\MiKTeX\tex\generic\pgf\math\pgfmathfunctions.integerarithmetics.code.t
ex))) (D:\Ctex\MiKTeX\tex\generic\pgf\math\pgfmathfloat.code.tex
\c@pgfmathroundto@lastzeros=\count113
))
(D:\Ctex\MiKTeX\tex\generic\pgf\basiclayer\pgfcorepoints.code.tex
File: pgfcorepoints.code.tex 2013/10/07  (rcs-revision 1.27)
\pgf@picminx=\dimen140
\pgf@picmaxx=\dimen141
\pgf@picminy=\dimen142
\pgf@picmaxy=\dimen143
\pgf@pathminx=\dimen144
\pgf@pathmaxx=\dimen145
\pgf@pathminy=\dimen146
\pgf@pathmaxy=\dimen147
\pgf@xx=\dimen148
\pgf@xy=\dimen149
\pgf@yx=\dimen150
\pgf@yy=\dimen151
\pgf@zx=\dimen152
\pgf@zy=\dimen153
)
(D:\Ctex\MiKTeX\tex\generic\pgf\basiclayer\pgfcorepathconstruct.code.tex
File: pgfcorepathconstruct.code.tex 2013/10/07  (rcs-revision 1.29)
\pgf@path@lastx=\dimen154
\pgf@path@lasty=\dimen155
)
(D:\Ctex\MiKTeX\tex\generic\pgf\basiclayer\pgfcorepathusage.code.tex
File: pgfcorepathusage.code.tex 2013/12/13  (rcs-revision 1.23)
\pgf@shorten@end@additional=\dimen156
\pgf@shorten@start@additional=\dimen157
)
(D:\Ctex\MiKTeX\tex\generic\pgf\basiclayer\pgfcorescopes.code.tex
File: pgfcorescopes.code.tex 2013/10/09  (rcs-revision 1.44)
\pgfpic=\box36
\pgf@hbox=\box37
\pgf@layerbox@main=\box38
\pgf@picture@serial@count=\count114
)
(D:\Ctex\MiKTeX\tex\generic\pgf\basiclayer\pgfcoregraphicstate.code.tex
File: pgfcoregraphicstate.code.tex 2013/09/19  (rcs-revision 1.11)
\pgflinewidth=\dimen158
)
(D:\Ctex\MiKTeX\tex\generic\pgf\basiclayer\pgfcoretransformations.code.tex
File: pgfcoretransformations.code.tex 2013/10/10  (rcs-revision 1.17)
\pgf@pt@x=\dimen159
\pgf@pt@y=\dimen160
\pgf@pt@temp=\dimen161
)
(D:\Ctex\MiKTeX\tex\generic\pgf\basiclayer\pgfcorequick.code.tex
File: pgfcorequick.code.tex 2008/10/09  (rcs-revision 1.3)
)
(D:\Ctex\MiKTeX\tex\generic\pgf\basiclayer\pgfcoreobjects.code.tex
File: pgfcoreobjects.code.tex 2006/10/11  (rcs-revision 1.2)
)
(D:\Ctex\MiKTeX\tex\generic\pgf\basiclayer\pgfcorepathprocessing.code.tex
File: pgfcorepathprocessing.code.tex 2013/09/09  (rcs-revision 1.9)
)
(D:\Ctex\MiKTeX\tex\generic\pgf\basiclayer\pgfcorearrows.code.tex
File: pgfcorearrows.code.tex 2013/11/07  (rcs-revision 1.40)
\pgfarrowsep=\dimen162
)
(D:\Ctex\MiKTeX\tex\generic\pgf\basiclayer\pgfcoreshade.code.tex
File: pgfcoreshade.code.tex 2013/07/15  (rcs-revision 1.15)
\pgf@max=\dimen163
\pgf@sys@shading@range@num=\count115
)
(D:\Ctex\MiKTeX\tex\generic\pgf\basiclayer\pgfcoreimage.code.tex
File: pgfcoreimage.code.tex 2013/07/15  (rcs-revision 1.18)

(D:\Ctex\MiKTeX\tex\generic\pgf\basiclayer\pgfcoreexternal.code.tex
File: pgfcoreexternal.code.tex 2013/07/15  (rcs-revision 1.20)
\pgfexternal@startupbox=\box39
))
(D:\Ctex\MiKTeX\tex\generic\pgf\basiclayer\pgfcorelayers.code.tex
File: pgfcorelayers.code.tex 2013/07/18  (rcs-revision 1.7)
)
(D:\Ctex\MiKTeX\tex\generic\pgf\basiclayer\pgfcoretransparency.code.tex
File: pgfcoretransparency.code.tex 2013/09/30  (rcs-revision 1.5)
)
(D:\Ctex\MiKTeX\tex\generic\pgf\basiclayer\pgfcorepatterns.code.tex
File: pgfcorepatterns.code.tex 2013/11/07  (rcs-revision 1.5)
)))
(D:\Ctex\MiKTeX\tex\latex\pgf\utilities\xxcolor.sty
Package: xxcolor 2003/10/24 ver 0.1
\XC@nummixins=\count116
\XC@countmixins=\count117
)
(D:\Ctex\MiKTeX\tex\generic\oberdiek\atbegshi.sty
Package: atbegshi 2011/10/05 v1.16 At begin shipout hook (HO)
)
(D:\Ctex\MiKTeX\tex\latex\hyperref\hyperref.sty
Package: hyperref 2012/11/06 v6.83m Hypertext links for LaTeX

(D:\Ctex\MiKTeX\tex\generic\oberdiek\hobsub-hyperref.sty
Package: hobsub-hyperref 2012/04/25 v1.12 Bundle oberdiek, subset hyperref (HO)


(D:\Ctex\MiKTeX\tex\generic\oberdiek\hobsub-generic.sty
Package: hobsub-generic 2012/04/25 v1.12 Bundle oberdiek, subset generic (HO)
Package: hobsub 2012/04/25 v1.12 Construct package bundles (HO)
Package hobsub Info: Skipping package `infwarerr' (already loaded).
Package hobsub Info: Skipping package `ltxcmds' (already loaded).
Package: ifluatex 2010/03/01 v1.3 Provides the ifluatex switch (HO)
Package ifluatex Info: LuaTeX not detected.
Package hobsub Info: Skipping package `ifvtex' (already loaded).
Package: intcalc 2007/09/27 v1.1 Expandable calculations with integers (HO)
Package hobsub Info: Skipping package `ifpdf' (already loaded).
Package: etexcmds 2011/02/16 v1.5 Avoid name clashes with e-TeX commands (HO)
Package etexcmds Info: Could not find \expanded.
(etexcmds)             That can mean that you are not using pdfTeX 1.50 or
(etexcmds)             that some package has redefined \expanded.
(etexcmds)             In the latter case, load this package earlier.
Package: kvsetkeys 2012/04/25 v1.16 Key value parser (HO)
Package: kvdefinekeys 2011/04/07 v1.3 Define keys (HO)
Package: pdftexcmds 2011/11/29 v0.20 Utility functions of pdfTeX for LuaTeX (HO
)
Package pdftexcmds Info: LuaTeX not detected.
Package pdftexcmds Info: \pdf@primitive is available.
Package pdftexcmds Info: \pdf@ifprimitive is available.
Package pdftexcmds Info: \pdfdraftmode found.
Package: pdfescape 2011/11/25 v1.13 Implements pdfTeX's escape features (HO)
Package: bigintcalc 2012/04/08 v1.3 Expandable calculations on big integers (HO
)
Package: bitset 2011/01/30 v1.1 Handle bit-vector datatype (HO)
Package: uniquecounter 2011/01/30 v1.2 Provide unlimited unique counter (HO)
)
Package hobsub Info: Skipping package `hobsub' (already loaded).
Package: letltxmacro 2010/09/02 v1.4 Let assignment for LaTeX macros (HO)
Package: hopatch 2011/06/24 v1.1 Wrapper for package hooks (HO)
Package: xcolor-patch 2011/01/30 xcolor patch
Package: atveryend 2011/06/30 v1.8 Hooks at the very end of document (HO)
Package atveryend Info: \enddocument detected (standard20110627).
Package hobsub Info: Skipping package `atbegshi' (already loaded).
Package: refcount 2011/10/16 v3.4 Data extraction from label references (HO)
Package: hycolor 2011/01/30 v1.7 Color options for hyperref/bookmark (HO)
)
(D:\Ctex\MiKTeX\tex\latex\oberdiek\auxhook.sty
Package: auxhook 2011/03/04 v1.3 Hooks for auxiliary files (HO)
)
(D:\Ctex\MiKTeX\tex\latex\oberdiek\kvoptions.sty
Package: kvoptions 2011/06/30 v3.11 Key value format for package options (HO)
)
\@linkdim=\dimen164
\Hy@linkcounter=\count118
\Hy@pagecounter=\count119

(D:\Ctex\MiKTeX\tex\latex\hyperref\pd1enc.def
File: pd1enc.def 2012/11/06 v6.83m Hyperref: PDFDocEncoding definition (HO)
)
\Hy@SavedSpaceFactor=\count120

(D:\Ctex\MiKTeX\tex\latex\00miktex\hyperref.cfg
File: hyperref.cfg 2002/06/06 v1.2 hyperref configuration of TeXLive
)
Package hyperref Info: Option `bookmarks' set `true' on input line 4319.
Package hyperref Info: Option `bookmarksopen' set `true' on input line 4319.
Package hyperref Info: Option `implicit' set `false' on input line 4319.
Package hyperref Info: Hyper figures OFF on input line 4443.
Package hyperref Info: Link nesting OFF on input line 4448.
Package hyperref Info: Hyper index ON on input line 4451.
Package hyperref Info: Plain pages OFF on input line 4458.
Package hyperref Info: Backreferencing OFF on input line 4463.
Package hyperref Info: Implicit mode OFF; no redefinition of LaTeX internals.
Package hyperref Info: Bookmarks ON on input line 4688.
\c@Hy@tempcnt=\count121

(D:\Ctex\MiKTeX\tex\latex\url\url.sty
\Urlmuskip=\muskip10
Package: url 2013/09/16  ver 3.4  Verb mode for urls, etc.
)
LaTeX Info: Redefining \url on input line 5041.
\XeTeXLinkMargin=\dimen165
\Fld@menulength=\count122
\Field@Width=\dimen166
\Fld@charsize=\dimen167
Package hyperref Info: Hyper figures OFF on input line 6295.
Package hyperref Info: Link nesting OFF on input line 6300.
Package hyperref Info: Hyper index ON on input line 6303.
Package hyperref Info: backreferencing OFF on input line 6310.
Package hyperref Info: Link coloring OFF on input line 6315.
Package hyperref Info: Link coloring with OCG OFF on input line 6320.
Package hyperref Info: PDF/A mode OFF on input line 6325.
LaTeX Info: Redefining \ref on input line 6365.
LaTeX Info: Redefining \pageref on input line 6369.
\Hy@abspage=\count123


Package hyperref Message: Stopped early.

)

Package hyperref Message: Driver (autodetected): hpdftex.

(D:\Ctex\MiKTeX\tex\latex\hyperref\hpdftex.def
File: hpdftex.def 2012/11/06 v6.83m Hyperref driver for pdfTeX
\Fld@listcount=\count124
\c@bookmark@seq@number=\count125

(D:\Ctex\MiKTeX\tex\latex\oberdiek\rerunfilecheck.sty
Package: rerunfilecheck 2011/04/15 v1.7 Rerun checks for auxiliary files (HO)
Package uniquecounter Info: New unique counter `rerunfilecheck' on input line 2
82.
))
(D:\Ctex\MiKTeX\tex\latex\beamer\base\beamerbaserequires.sty
Package: beamerbaserequires 2010/05/01  (rcs-revision efa082c6111d)

(D:\Ctex\MiKTeX\tex\latex\beamer\base\beamerbasecompatibility.sty
Package: beamerbasecompatibility 2012/05/01  (rcs-revision 67c48b3b652d)
)
(D:\Ctex\MiKTeX\tex\latex\beamer\base\beamerbasefont.sty
Package: beamerbasefont 2013/10/18  (rcs-revision 72f39e01808a)

(D:\Ctex\MiKTeX\tex\latex\amsfonts\amssymb.sty
Package: amssymb 2013/01/14 v3.01 AMS font symbols

(D:\Ctex\MiKTeX\tex\latex\amsfonts\amsfonts.sty
Package: amsfonts 2013/01/14 v3.01 Basic AMSFonts support
\@emptytoks=\toks26
\symAMSa=\mathgroup4
\symAMSb=\mathgroup5
LaTeX Font Info:    Overwriting math alphabet `\mathfrak' in version `bold'
(Font)                  U/euf/m/n --> U/euf/b/n on input line 106.
))
(D:\Ctex\MiKTeX\tex\latex\sansmathaccent\sansmathaccent.sty
Package: sansmathaccent 2013/03/28

(D:\Ctex\MiKTeX\tex\latex\filehook\filehook.sty
Package: filehook 2011/10/12 v0.5d Hooks for input files
)))
(D:\Ctex\MiKTeX\tex\latex\beamer\base\beamerbasetranslator.sty
Package: beamerbasetranslator 2010/06/11  (rcs-revision 85fd1cc7fc42)

(D:\Ctex\MiKTeX\tex\latex\beamer\base\translator\translator.sty
Package: translator 2010/06/12 ver 1.10

(D:\Ctex\MiKTeX\tex\latex\beamer\base\translator\translator-language-mappings.t
ex))) (D:\Ctex\MiKTeX\tex\latex\beamer\base\beamerbasemisc.sty
Package: beamerbasemisc 2013/09/03  (rcs-revision a55719c41d85)
)
(D:\Ctex\MiKTeX\tex\latex\beamer\base\beamerbasetwoscreens.sty
Package: beamerbasetwoscreens 2010/05/01  (rcs-revision efa082c6111d)
)
(D:\Ctex\MiKTeX\tex\latex\beamer\base\beamerbaseoverlay.sty
Package: beamerbaseoverlay 2013/12/25  (rcs-revision f6bd5e3805da)
\beamer@argscount=\count126
\beamer@lastskipcover=\skip44
\beamer@trivlistdepth=\count127
)
(D:\Ctex\MiKTeX\tex\latex\beamer\base\beamerbasetitle.sty
Package: beamerbasetitle 2010/09/21  (rcs-revision f0446ed0b6ae)
)
(D:\Ctex\MiKTeX\tex\latex\beamer\base\beamerbasesection.sty
Package: beamerbasesection 2013/06/07  (rcs-revision 60b9fe0f342f)
\c@lecture=\count128
\c@part=\count129
\c@section=\count130
\c@subsection=\count131
\c@subsubsection=\count132
)
(D:\Ctex\MiKTeX\tex\latex\beamer\base\beamerbaseframe.sty
Package: beamerbaseframe 2013/10/02  (rcs-revision cdc8e9a3aaac)
\beamer@framebox=\box40
\beamer@frametitlebox=\box41
\beamer@zoombox=\box42
\beamer@zoomcount=\count133
\beamer@zoomframecount=\count134
\beamer@frametextheight=\dimen168
\c@subsectionslide=\count135
\beamer@frametopskip=\skip45
\beamer@framebottomskip=\skip46
\beamer@frametopskipautobreak=\skip47
\beamer@framebottomskipautobreak=\skip48
\beamer@envbody=\toks27
\framewidth=\dimen169
\c@framenumber=\count136
)
(D:\Ctex\MiKTeX\tex\latex\beamer\base\beamerbaseverbatim.sty
Package: beamerbaseverbatim 2012/08/30  (rcs-revision dfdb135076b3)
\beamer@verbatimfileout=\write4
)
(D:\Ctex\MiKTeX\tex\latex\beamer\base\beamerbaseframesize.sty
Package: beamerbaseframesize 2011/09/12  (rcs-revision 70f9d8411e54)
\beamer@splitbox=\box43
\beamer@autobreakcount=\count137
\beamer@autobreaklastheight=\dimen170
\beamer@frametitletoks=\toks28
\beamer@framesubtitletoks=\toks29
)
(D:\Ctex\MiKTeX\tex\latex\beamer\base\beamerbaseframecomponents.sty
Package: beamerbaseframecomponents 2013/10/18  (rcs-revision 5cf6c5555a45)
\beamer@footins=\box44
)
(D:\Ctex\MiKTeX\tex\latex\beamer\base\beamerbasecolor.sty
Package: beamerbasecolor 2010/06/06  (rcs-revision d1a9b48be06d)
)
(D:\Ctex\MiKTeX\tex\latex\beamer\base\beamerbasenotes.sty
Package: beamerbasenotes 2012/12/19  (rcs-revision 1686da3db3c9)
\beamer@frameboxcopy=\box45
)
(D:\Ctex\MiKTeX\tex\latex\beamer\base\beamerbasetoc.sty
Package: beamerbasetoc 2013/05/23  (rcs-revision 0fdf5bc43be8)
)
(D:\Ctex\MiKTeX\tex\latex\beamer\base\beamerbasetemplates.sty
Package: beamerbasetemplates 2010/05/01  (rcs-revision efa082c6111d)
\beamer@sbttoks=\toks30

(D:\Ctex\MiKTeX\tex\latex\beamer\base\beamerbaseauxtemplates.sty
Package: beamerbaseauxtemplates 2013/09/04  (rcs-revision 4ac715c499d0)

(D:\Ctex\MiKTeX\tex\latex\beamer\base\beamerbaseboxes.sty
Package: beamerbaseboxes 2012/05/13  (rcs-revision 56972908a390)
\bmb@box=\box46
\bmb@colorbox=\box47
\bmb@boxshadow=\box48
\bmb@boxshadowball=\box49
\bmb@boxshadowballlarge=\box50
\bmb@temp=\dimen171
\bmb@dima=\dimen172
\bmb@dimb=\dimen173
\bmb@prevheight=\dimen174
)
\beamer@blockheadheight=\dimen175
))
(D:\Ctex\MiKTeX\tex\latex\beamer\base\beamerbaselocalstructure.sty
Package: beamerbaselocalstructure 2013/09/04  (rcs-revision 4ac715c499d0)

(D:\Ctex\MiKTeX\tex\latex\tools\enumerate.sty
Package: enumerate 1999/03/05 v3.00 enumerate extensions (DPC)
\@enLab=\toks31
)
\c@figure=\count138
\c@table=\count139
\abovecaptionskip=\skip49
\belowcaptionskip=\skip50
)
(D:\Ctex\MiKTeX\tex\latex\beamer\base\beamerbasenavigation.sty
Package: beamerbasenavigation 2013/10/05  (rcs-revision 62be157fe783)
\beamer@section@min@dim=\dimen176
)
(D:\Ctex\MiKTeX\tex\latex\beamer\base\beamerbasetheorems.sty
Package: beamerbasetheorems 2010/06/06  (rcs-revision 7e7cc5e53e9d)

(D:\Ctex\MiKTeX\tex\latex\amsmath\amsmath.sty
Package: amsmath 2013/01/14 v2.14 AMS math features
\@mathmargin=\skip51

For additional information on amsmath, use the `?' option.
(D:\Ctex\MiKTeX\tex\latex\amsmath\amstext.sty
Package: amstext 2000/06/29 v2.01

(D:\Ctex\MiKTeX\tex\latex\amsmath\amsgen.sty
File: amsgen.sty 1999/11/30 v2.0
\@emptytoks=\toks32
\ex@=\dimen177
))
(D:\Ctex\MiKTeX\tex\latex\amsmath\amsbsy.sty
Package: amsbsy 1999/11/29 v1.2d
\pmbraise@=\dimen178
)
(D:\Ctex\MiKTeX\tex\latex\amsmath\amsopn.sty
Package: amsopn 1999/12/14 v2.01 operator names
)
\inf@bad=\count140
LaTeX Info: Redefining \frac on input line 210.
\uproot@=\count141
\leftroot@=\count142
LaTeX Info: Redefining \overline on input line 306.
\classnum@=\count143
\DOTSCASE@=\count144
LaTeX Info: Redefining \ldots on input line 378.
LaTeX Info: Redefining \dots on input line 381.
LaTeX Info: Redefining \cdots on input line 466.
\Mathstrutbox@=\box51
\strutbox@=\box52
\big@size=\dimen179
LaTeX Font Info:    Redeclaring font encoding OML on input line 566.
LaTeX Font Info:    Redeclaring font encoding OMS on input line 567.
\macc@depth=\count145
\c@MaxMatrixCols=\count146
\dotsspace@=\muskip11
\c@parentequation=\count147
\dspbrk@lvl=\count148
\tag@help=\toks33
\row@=\count149
\column@=\count150
\maxfields@=\count151
\andhelp@=\toks34
\eqnshift@=\dimen180
\alignsep@=\dimen181
\tagshift@=\dimen182
\tagwidth@=\dimen183
\totwidth@=\dimen184
\lineht@=\dimen185
\@envbody=\toks35
\multlinegap=\skip52
\multlinetaggap=\skip53
\mathdisplay@stack=\toks36
LaTeX Info: Redefining \[ on input line 2665.
LaTeX Info: Redefining \] on input line 2666.
)
(D:\Ctex\MiKTeX\tex\latex\amscls\amsthm.sty
Package: amsthm 2004/08/06 v2.20
\thm@style=\toks37
\thm@bodyfont=\toks38
\thm@headfont=\toks39
\thm@notefont=\toks40
\thm@headpunct=\toks41
\thm@preskip=\skip54
\thm@postskip=\skip55
\thm@headsep=\skip56
\dth@everypar=\toks42
)
\c@theorem=\count152
)
(D:\Ctex\MiKTeX\tex\latex\beamer\base\beamerbasethemes.sty
Package: beamerbasethemes 2010/05/01  (rcs-revision efa082c6111d)
))
(D:\Ctex\MiKTeX\tex\latex\beamer\base\themes\theme\beamerthemedefault.sty
Package: beamerthemedefault 2010/06/17  (rcs-revision d02a7cf4d8ae)

(D:\Ctex\MiKTeX\tex\latex\beamer\base\themes\font\beamerfontthemedefault.sty
Package: beamerfontthemedefault 2012/12/19  (rcs-revision 1686da3db3c9)
)
(D:\Ctex\MiKTeX\tex\latex\beamer\base\themes\color\beamercolorthemedefault.sty
Package: beamercolorthemedefault 2012/12/19  (rcs-revision 1686da3db3c9)
) (D:\Ctex\MiKTeX\tex\latex\beamer\base\themes\inner\beamerinnerthemedefault.st
y
Package: beamerinnerthemedefault 2013/10/15  (rcs-revision 65cb471f9634)
\beamer@dima=\dimen186
\beamer@dimb=\dimen187
)
(D:\Ctex\MiKTeX\tex\latex\beamer\base\themes\outer\beamerouterthemedefault.sty
Package: beamerouterthemedefault 2012/12/19  (rcs-revision 1686da3db3c9)
))) (F:\R‰∏éËá™Âä®ÂåñÊä•Âëä\RËØ≠Ë®Ä‰ºöËÆÆ\beamerthemeAalborg.sty
Package: beamerthemeAalborg 2012/01/17 v0.1.1 The Aalborg Beamer Theme

(D:\Ctex\MiKTeX\tex\latex\pgf\frontendlayer\tikz.sty
(D:\Ctex\MiKTeX\tex\latex\pgf\basiclayer\pgf.sty
Package: pgf 2013/12/18 v3.0.0 (rcs-revision 1.14)

(D:\Ctex\MiKTeX\tex\generic\pgf\modules\pgfmoduleshapes.code.tex
File: pgfmoduleshapes.code.tex 2013/10/31  (rcs-revision 1.34)
\pgfnodeparttextbox=\box53
)
(D:\Ctex\MiKTeX\tex\generic\pgf\modules\pgfmoduleplot.code.tex
File: pgfmoduleplot.code.tex 2013/07/31  (rcs-revision 1.12)
)
(D:\Ctex\MiKTeX\tex\latex\pgf\compatibility\pgfcomp-version-0-65.sty
Package: pgfcomp-version-0-65 2007/07/03 v3.0.0 (rcs-revision 1.7)
\pgf@nodesepstart=\dimen188
\pgf@nodesepend=\dimen189
)
(D:\Ctex\MiKTeX\tex\latex\pgf\compatibility\pgfcomp-version-1-18.sty
Package: pgfcomp-version-1-18 2007/07/23 v3.0.0 (rcs-revision 1.1)
))
(D:\Ctex\MiKTeX\tex\latex\pgf\utilities\pgffor.sty
(D:\Ctex\MiKTeX\tex\latex\pgf\utilities\pgfkeys.sty
(D:\Ctex\MiKTeX\tex\generic\pgf\utilities\pgfkeys.code.tex))
(D:\Ctex\MiKTeX\tex\latex\pgf\math\pgfmath.sty
(D:\Ctex\MiKTeX\tex\generic\pgf\math\pgfmath.code.tex))
(D:\Ctex\MiKTeX\tex\generic\pgf\utilities\pgffor.code.tex
Package: pgffor 2013/12/13 v3.0.0 (rcs-revision 1.25)

(D:\Ctex\MiKTeX\tex\generic\pgf\math\pgfmath.code.tex)
\pgffor@iter=\dimen190
\pgffor@skip=\dimen191
\pgffor@stack=\toks43
\pgffor@toks=\toks44
))
(D:\Ctex\MiKTeX\tex\generic\pgf\frontendlayer\tikz\tikz.code.tex
Package: tikz 2013/12/13 v3.0.0 (rcs-revision 1.142)

(D:\Ctex\MiKTeX\tex\generic\pgf\libraries\pgflibraryplothandlers.code.tex
File: pgflibraryplothandlers.code.tex 2013/08/31 v3.0.0 (rcs-revision 1.20)
\pgf@plot@mark@count=\count153
\pgfplotmarksize=\dimen192
)
\tikz@lastx=\dimen193
\tikz@lasty=\dimen194
\tikz@lastxsaved=\dimen195
\tikz@lastysaved=\dimen196
\tikzleveldistance=\dimen197
\tikzsiblingdistance=\dimen198
\tikz@figbox=\box54
\tikz@figbox@bg=\box55
\tikz@tempbox=\box56
\tikz@tempbox@bg=\box57
\tikztreelevel=\count154
\tikznumberofchildren=\count155
\tikznumberofcurrentchild=\count156
\tikz@fig@count=\count157

(D:\Ctex\MiKTeX\tex\generic\pgf\modules\pgfmodulematrix.code.tex
File: pgfmodulematrix.code.tex 2013/09/17  (rcs-revision 1.8)
\pgfmatrixcurrentrow=\count158
\pgfmatrixcurrentcolumn=\count159
\pgf@matrix@numberofcolumns=\count160
)
\tikz@expandcount=\count161

(D:\Ctex\MiKTeX\tex\generic\pgf\frontendlayer\tikz\libraries\tikzlibrarytopaths
.code.tex
File: tikzlibrarytopaths.code.tex 2008/06/17 v3.0.0 (rcs-revision 1.2)
))) (D:\Ctex\MiKTeX\tex\latex\tools\calc.sty
Package: calc 2007/08/22 v4.3 Infix arithmetic (KKT,FJ)
\calc@Acount=\count162
\calc@Bcount=\count163
\calc@Adimen=\dimen199
\calc@Bdimen=\dimen200
\calc@Askip=\skip57
\calc@Bskip=\skip58
LaTeX Info: Redefining \setlength on input line 75.
LaTeX Info: Redefining \addtolength on input line 76.
\calc@Ccount=\count164
\calc@Cskip=\skip59
)
(F:\R‰∏éËá™Âä®ÂåñÊä•Âëä\RËØ≠Ë®Ä‰ºöËÆÆ\beamerinnerthemeAalborg.sty
Package: beamerinnerthemeAalborg 2012/01/17 v0.1.1 The Aalborg Beamer Theme
\beamer@titlepagewidth=\skip60
)
(F:\R‰∏éËá™Âä®ÂåñÊä•Âëä\RËØ≠Ë®Ä‰ºöËÆÆ\beamerouterthemeAalborg.sty

! LaTeX Error: Missing \begin{document}.

See the LaTeX manual or LaTeX Companion for explanation.
Type  H <return>  for immediate help.
 ...                                              
                                                  
l.1 Ô
     ªø% The outer Aalborg theme is derived from the outer sidebar theme whi...

You're in trouble here.  Try typing  <return>  to proceed.
If that doesn't work, type  X <return>  to quit.

Missing character: There is no Ô in font cmss10!
Missing character: There is no ª in font cmss10!
Missing character: There is no ø in font cmss10!
Package: beamerouterthemeAalborg 2012/01/17 v0.1.1 The Aalborg Beamer Theme
\beamer@width=\skip61
\beamer@height=\skip62
\beamer@barwidth=\skip63
) (F:\R‰∏éËá™Âä®ÂåñÊä•Âëä\RËØ≠Ë®Ä‰ºöËÆÆ\beamercolorthemeAalborg.sty
Package: beamercolorthemeAalborg 2012/01/17 v0.1.1 The Aalborg Beamer Theme
))
(D:\Ctex\MiKTeX\tex\latex\subfigure\subfigure.sty
Package: subfigure 2002/07/30 v2.1.4 subfigure package
\subfigtopskip=\skip64
\subfigcapskip=\skip65
\subfigcaptopadj=\dimen201
\subfigbottomskip=\skip66
\subfigcapmargin=\dimen202
\subfiglabelskip=\skip67
\c@subfigure=\count165
\c@lofdepth=\count166
\c@subtable=\count167
\c@lotdepth=\count168

****************************************
* Local config file subfigure.cfg used *
****************************************
(D:\Ctex\MiKTeX\tex\latex\subfigure\subfigure.cfg)
\subfig@top=\skip68
\subfig@bottom=\skip69
)
(D:\Ctex\MiKTeX\tex\latex\cjk\CJKutf8.sty
Package: CJKutf8 2012/05/07 4.8.3

(D:\Ctex\MiKTeX\tex\latex\base\inputenc.sty
Package: inputenc 2014/04/30 v1.2b Input encoding file
\inpenc@prehook=\toks45
\inpenc@posthook=\toks46

(D:\Ctex\MiKTeX\tex\latex\base\utf8.def
File: utf8.def 2008/04/05 v1.1m UTF-8 support for inputenc
Now handling font encoding OML ...
... no UTF-8 mapping file for font encoding OML
Now handling font encoding T1 ...
... processing UTF-8 mapping file for font encoding T1

(D:\Ctex\MiKTeX\tex\latex\base\t1enc.dfu
File: t1enc.dfu 2008/04/05 v1.1m UTF-8 support for inputenc
   defining Unicode char U+00A1 (decimal 161)
   defining Unicode char U+00A3 (decimal 163)
   defining Unicode char U+00AB (decimal 171)
   defining Unicode char U+00BB (decimal 187)
   defining Unicode char U+00BF (decimal 191)
   defining Unicode char U+00C0 (decimal 192)
   defining Unicode char U+00C1 (decimal 193)
   defining Unicode char U+00C2 (decimal 194)
   defining Unicode char U+00C3 (decimal 195)
   defining Unicode char U+00C4 (decimal 196)
   defining Unicode char U+00C5 (decimal 197)
   defining Unicode char U+00C6 (decimal 198)
   defining Unicode char U+00C7 (decimal 199)
   defining Unicode char U+00C8 (decimal 200)
   defining Unicode char U+00C9 (decimal 201)
   defining Unicode char U+00CA (decimal 202)
   defining Unicode char U+00CB (decimal 203)
   defining Unicode char U+00CC (decimal 204)
   defining Unicode char U+00CD (decimal 205)
   defining Unicode char U+00CE (decimal 206)
   defining Unicode char U+00CF (decimal 207)
   defining Unicode char U+00D0 (decimal 208)
   defining Unicode char U+00D1 (decimal 209)
   defining Unicode char U+00D2 (decimal 210)
   defining Unicode char U+00D3 (decimal 211)
   defining Unicode char U+00D4 (decimal 212)
   defining Unicode char U+00D5 (decimal 213)
   defining Unicode char U+00D6 (decimal 214)
   defining Unicode char U+00D8 (decimal 216)
   defining Unicode char U+00D9 (decimal 217)
   defining Unicode char U+00DA (decimal 218)
   defining Unicode char U+00DB (decimal 219)
   defining Unicode char U+00DC (decimal 220)
   defining Unicode char U+00DD (decimal 221)
   defining Unicode char U+00DE (decimal 222)
   defining Unicode char U+00DF (decimal 223)
   defining Unicode char U+00E0 (decimal 224)
   defining Unicode char U+00E1 (decimal 225)
   defining Unicode char U+00E2 (decimal 226)
   defining Unicode char U+00E3 (decimal 227)
   defining Unicode char U+00E4 (decimal 228)
   defining Unicode char U+00E5 (decimal 229)
   defining Unicode char U+00E6 (decimal 230)
   defining Unicode char U+00E7 (decimal 231)
   defining Unicode char U+00E8 (decimal 232)
   defining Unicode char U+00E9 (decimal 233)
   defining Unicode char U+00EA (decimal 234)
   defining Unicode char U+00EB (decimal 235)
   defining Unicode char U+00EC (decimal 236)
   defining Unicode char U+00ED (decimal 237)
   defining Unicode char U+00EE (decimal 238)
   defining Unicode char U+00EF (decimal 239)
   defining Unicode char U+00F0 (decimal 240)
   defining Unicode char U+00F1 (decimal 241)
   defining Unicode char U+00F2 (decimal 242)
   defining Unicode char U+00F3 (decimal 243)
   defining Unicode char U+00F4 (decimal 244)
   defining Unicode char U+00F5 (decimal 245)
   defining Unicode char U+00F6 (decimal 246)
   defining Unicode char U+00F8 (decimal 248)
   defining Unicode char U+00F9 (decimal 249)
   defining Unicode char U+00FA (decimal 250)
   defining Unicode char U+00FB (decimal 251)
   defining Unicode char U+00FC (decimal 252)
   defining Unicode char U+00FD (decimal 253)
   defining Unicode char U+00FE (decimal 254)
   defining Unicode char U+00FF (decimal 255)
   defining Unicode char U+0102 (decimal 258)
   defining Unicode char U+0103 (decimal 259)
   defining Unicode char U+0104 (decimal 260)
   defining Unicode char U+0105 (decimal 261)
   defining Unicode char U+0106 (decimal 262)
   defining Unicode char U+0107 (decimal 263)
   defining Unicode char U+010C (decimal 268)
   defining Unicode char U+010D (decimal 269)
   defining Unicode char U+010E (decimal 270)
   defining Unicode char U+010F (decimal 271)
   defining Unicode char U+0110 (decimal 272)
   defining Unicode char U+0111 (decimal 273)
   defining Unicode char U+0118 (decimal 280)
   defining Unicode char U+0119 (decimal 281)
   defining Unicode char U+011A (decimal 282)
   defining Unicode char U+011B (decimal 283)
   defining Unicode char U+011E (decimal 286)
   defining Unicode char U+011F (decimal 287)
   defining Unicode char U+0130 (decimal 304)
   defining Unicode char U+0131 (decimal 305)
   defining Unicode char U+0132 (decimal 306)
   defining Unicode char U+0133 (decimal 307)
   defining Unicode char U+0139 (decimal 313)
   defining Unicode char U+013A (decimal 314)
   defining Unicode char U+013D (decimal 317)
   defining Unicode char U+013E (decimal 318)
   defining Unicode char U+0141 (decimal 321)
   defining Unicode char U+0142 (decimal 322)
   defining Unicode char U+0143 (decimal 323)
   defining Unicode char U+0144 (decimal 324)
   defining Unicode char U+0147 (decimal 327)
   defining Unicode char U+0148 (decimal 328)
   defining Unicode char U+014A (decimal 330)
   defining Unicode char U+014B (decimal 331)
   defining Unicode char U+0150 (decimal 336)
   defining Unicode char U+0151 (decimal 337)
   defining Unicode char U+0152 (decimal 338)
   defining Unicode char U+0153 (decimal 339)
   defining Unicode char U+0154 (decimal 340)
   defining Unicode char U+0155 (decimal 341)
   defining Unicode char U+0158 (decimal 344)
   defining Unicode char U+0159 (decimal 345)
   defining Unicode char U+015A (decimal 346)
   defining Unicode char U+015B (decimal 347)
   defining Unicode char U+015E (decimal 350)
   defining Unicode char U+015F (decimal 351)
   defining Unicode char U+0160 (decimal 352)
   defining Unicode char U+0161 (decimal 353)
   defining Unicode char U+0162 (decimal 354)
   defining Unicode char U+0163 (decimal 355)
   defining Unicode char U+0164 (decimal 356)
   defining Unicode char U+0165 (decimal 357)
   defining Unicode char U+016E (decimal 366)
   defining Unicode char U+016F (decimal 367)
   defining Unicode char U+0170 (decimal 368)
   defining Unicode char U+0171 (decimal 369)
   defining Unicode char U+0178 (decimal 376)
   defining Unicode char U+0179 (decimal 377)
   defining Unicode char U+017A (decimal 378)
   defining Unicode char U+017B (decimal 379)
   defining Unicode char U+017C (decimal 380)
   defining Unicode char U+017D (decimal 381)
   defining Unicode char U+017E (decimal 382)
   defining Unicode char U+200C (decimal 8204)
   defining Unicode char U+2013 (decimal 8211)
   defining Unicode char U+2014 (decimal 8212)
   defining Unicode char U+2018 (decimal 8216)
   defining Unicode char U+2019 (decimal 8217)
   defining Unicode char U+201A (decimal 8218)
   defining Unicode char U+201C (decimal 8220)
   defining Unicode char U+201D (decimal 8221)
   defining Unicode char U+201E (decimal 8222)
   defining Unicode char U+2030 (decimal 8240)
   defining Unicode char U+2031 (decimal 8241)
   defining Unicode char U+2039 (decimal 8249)
   defining Unicode char U+203A (decimal 8250)
   defining Unicode char U+2423 (decimal 9251)
)
Now handling font encoding OT1 ...
... processing UTF-8 mapping file for font encoding OT1

(D:\Ctex\MiKTeX\tex\latex\base\ot1enc.dfu
File: ot1enc.dfu 2008/04/05 v1.1m UTF-8 support for inputenc
   defining Unicode char U+00A1 (decimal 161)
   defining Unicode char U+00A3 (decimal 163)
   defining Unicode char U+00B8 (decimal 184)
   defining Unicode char U+00BF (decimal 191)
   defining Unicode char U+00C5 (decimal 197)
   defining Unicode char U+00C6 (decimal 198)
   defining Unicode char U+00D8 (decimal 216)
   defining Unicode char U+00DF (decimal 223)
   defining Unicode char U+00E6 (decimal 230)
   defining Unicode char U+00EC (decimal 236)
   defining Unicode char U+00ED (decimal 237)
   defining Unicode char U+00EE (decimal 238)
   defining Unicode char U+00EF (decimal 239)
   defining Unicode char U+00F8 (decimal 248)
   defining Unicode char U+0131 (decimal 305)
   defining Unicode char U+0141 (decimal 321)
   defining Unicode char U+0142 (decimal 322)
   defining Unicode char U+0152 (decimal 338)
   defining Unicode char U+0153 (decimal 339)
   defining Unicode char U+2013 (decimal 8211)
   defining Unicode char U+2014 (decimal 8212)
   defining Unicode char U+2018 (decimal 8216)
   defining Unicode char U+2019 (decimal 8217)
   defining Unicode char U+201C (decimal 8220)
   defining Unicode char U+201D (decimal 8221)
)
Now handling font encoding OMS ...
... processing UTF-8 mapping file for font encoding OMS

(D:\Ctex\MiKTeX\tex\latex\base\omsenc.dfu
File: omsenc.dfu 2008/04/05 v1.1m UTF-8 support for inputenc
   defining Unicode char U+00A7 (decimal 167)
   defining Unicode char U+00B6 (decimal 182)
   defining Unicode char U+00B7 (decimal 183)
   defining Unicode char U+2020 (decimal 8224)
   defining Unicode char U+2021 (decimal 8225)
   defining Unicode char U+2022 (decimal 8226)
)
Now handling font encoding OMX ...
... no UTF-8 mapping file for font encoding OMX
Now handling font encoding U ...
... no UTF-8 mapping file for font encoding U
Now handling font encoding PD1 ...
... no UTF-8 mapping file for font encoding PD1
   defining Unicode char U+00A9 (decimal 169)
   defining Unicode char U+00AA (decimal 170)
   defining Unicode char U+00AE (decimal 174)
   defining Unicode char U+00BA (decimal 186)
   defining Unicode char U+02C6 (decimal 710)
   defining Unicode char U+02DC (decimal 732)
   defining Unicode char U+200C (decimal 8204)
   defining Unicode char U+2026 (decimal 8230)
   defining Unicode char U+2122 (decimal 8482)
   defining Unicode char U+2423 (decimal 9251)
))
(D:\Ctex\MiKTeX\tex\latex\cjk\CJK.sty
Package: CJK 2012/05/07 4.8.3

(D:\Ctex\MiKTeX\tex\latex\cjk\mule\MULEenc.sty
Package: MULEenc 2012/05/07 4.8.3
)
(D:\Ctex\MiKTeX\tex\latex\cjk\CJK.enc
File: CJK.enc 2012/05/07 4.8.3
Now handling font encoding C00 ...
... no UTF-8 mapping file for font encoding C00
Now handling font encoding C05 ...
... no UTF-8 mapping file for font encoding C05
Now handling font encoding C09 ...
... no UTF-8 mapping file for font encoding C09
Now handling font encoding C10 ...
... no UTF-8 mapping file for font encoding C10
Now handling font encoding C20 ...
... no UTF-8 mapping file for font encoding C20
Now handling font encoding C19 ...
... no UTF-8 mapping file for font encoding C19
Now handling font encoding C40 ...
... no UTF-8 mapping file for font encoding C40
Now handling font encoding C42 ...
... no UTF-8 mapping file for font encoding C42
Now handling font encoding C43 ...
... no UTF-8 mapping file for font encoding C43
Now handling font encoding C50 ...
... no UTF-8 mapping file for font encoding C50
Now handling font encoding C52 ...
... no UTF-8 mapping file for font encoding C52
Now handling font encoding C49 ...
... no UTF-8 mapping file for font encoding C49
Now handling font encoding C60 ...
... no UTF-8 mapping file for font encoding C60
Now handling font encoding C61 ...
... no UTF-8 mapping file for font encoding C61
Now handling font encoding C63 ...
... no UTF-8 mapping file for font encoding C63
Now handling font encoding C64 ...
... no UTF-8 mapping file for font encoding C64
Now handling font encoding C65 ...
... no UTF-8 mapping file for font encoding C65
Now handling font encoding C70 ...
... no UTF-8 mapping file for font encoding C70
Now handling font encoding C31 ...
... no UTF-8 mapping file for font encoding C31
Now handling font encoding C32 ...
... no UTF-8 mapping file for font encoding C32
Now handling font encoding C33 ...
... no UTF-8 mapping file for font encoding C33
Now handling font encoding C34 ...
... no UTF-8 mapping file for font encoding C34
Now handling font encoding C35 ...
... no UTF-8 mapping file for font encoding C35
Now handling font encoding C36 ...
... no UTF-8 mapping file for font encoding C36
Now handling font encoding C37 ...
... no UTF-8 mapping file for font encoding C37
Now handling font encoding C80 ...
... no UTF-8 mapping file for font encoding C80
Now handling font encoding C81 ...
... no UTF-8 mapping file for font encoding C81
Now handling font encoding C01 ...
... no UTF-8 mapping file for font encoding C01
Now handling font encoding C11 ...
... no UTF-8 mapping file for font encoding C11
Now handling font encoding C21 ...
... no UTF-8 mapping file for font encoding C21
Now handling font encoding C41 ...
... no UTF-8 mapping file for font encoding C41
Now handling font encoding C62 ...
... no UTF-8 mapping file for font encoding C62
)
LaTeX Info: Redefining \selectfont on input line 755.
\CJK@indent=\box58
)
(D:\Ctex\MiKTeX\tex\latex\base\fontenc.sty
Package: fontenc 2005/09/27 v1.99g Standard LaTeX package
))
(D:\Ctex\MiKTeX\tex\latex\fancybox\fancybox.sty
Package: fancybox 2010/05/15 1.4

Style option: `fancybox' v1.4 <2010/05/15> (tvz)
\@fancybox=\box59
\shadowsize=\dimen203
\@Sbox=\box60
\do@VerbBox=\toks47
\the@fancyput=\toks48
\this@fancyput=\toks49
\EndVerbatimTokens=\toks50
\Verbatim@Outfile=\write5
\Verbatim@Infile=\read2
) (D:\Ctex\MiKTeX\tex\latex\babel\babel.sty
Package: babel 2014/03/24 3.9k The Babel package

*************************************
* Local config file bblopts.cfg used
*
(D:\Ctex\MiKTeX\tex\latex\00miktex\bblopts.cfg
File: bblopts.cfg 2006/07/31 v1.0 MiKTeX 'babel' configuration
)
(D:\Ctex\MiKTeX\tex\latex\babel-english\english.ldf
Language: english 2012/08/20 v3.3p English support from the babel system

(D:\Ctex\MiKTeX\tex\latex\babel\babel.def
File: babel.def 2014/03/24 3.9k Babel common definitions
\babel@savecnt=\count169
\U@D=\dimen204
LaTeX Info: Redefining \textlatin on input line 1428.
)
\l@canadian = a dialect from \language\l@american 
\l@australian = a dialect from \language\l@british 
\l@newzealand = a dialect from \language\l@british 
))
(D:\Ctex\MiKTeX\tex\latex\base\fontenc.sty
Package: fontenc 2005/09/27 v1.99g Standard LaTeX package

(D:\Ctex\MiKTeX\tex\latex\base\t1enc.def
File: t1enc.def 2005/09/27 v1.99g Standard LaTeX file
LaTeX Font Info:    Redeclaring font encoding T1 on input line 43.
))
(D:\Ctex\MiKTeX\tex\latex\lm\lmodern.sty
Package: lmodern 2009/10/30 v1.6 Latin Modern Fonts
LaTeX Font Info:    Overwriting symbol font `operators' in version `normal'
(Font)                  OT1/cmr/m/n --> OT1/lmr/m/n on input line 22.
LaTeX Font Info:    Overwriting symbol font `letters' in version `normal'
(Font)                  OML/cmm/m/it --> OML/lmm/m/it on input line 23.
LaTeX Font Info:    Overwriting symbol font `symbols' in version `normal'
(Font)                  OMS/cmsy/m/n --> OMS/lmsy/m/n on input line 24.
LaTeX Font Info:    Overwriting symbol font `largesymbols' in version `normal'
(Font)                  OMX/cmex/m/n --> OMX/lmex/m/n on input line 25.
LaTeX Font Info:    Overwriting symbol font `operators' in version `bold'
(Font)                  OT1/cmr/bx/n --> OT1/lmr/bx/n on input line 26.
LaTeX Font Info:    Overwriting symbol font `letters' in version `bold'
(Font)                  OML/cmm/b/it --> OML/lmm/b/it on input line 27.
LaTeX Font Info:    Overwriting symbol font `symbols' in version `bold'
(Font)                  OMS/cmsy/b/n --> OMS/lmsy/b/n on input line 28.
LaTeX Font Info:    Overwriting symbol font `largesymbols' in version `bold'
(Font)                  OMX/cmex/m/n --> OMX/lmex/m/n on input line 29.
LaTeX Font Info:    Overwriting math alphabet `\mathbf' in version `normal'
(Font)                  OT1/cmr/bx/n --> OT1/lmr/bx/n on input line 31.
LaTeX Font Info:    Overwriting math alphabet `\mathsf' in version `normal'
(Font)                  OT1/cmss/m/n --> OT1/lmss/m/n on input line 32.
LaTeX Font Info:    Overwriting math alphabet `\mathit' in version `normal'
(Font)                  OT1/cmr/m/it --> OT1/lmr/m/it on input line 33.
LaTeX Font Info:    Overwriting math alphabet `\mathtt' in version `normal'
(Font)                  OT1/cmtt/m/n --> OT1/lmtt/m/n on input line 34.
LaTeX Font Info:    Overwriting math alphabet `\mathbf' in version `bold'
(Font)                  OT1/cmr/bx/n --> OT1/lmr/bx/n on input line 35.
LaTeX Font Info:    Overwriting math alphabet `\mathsf' in version `bold'
(Font)                  OT1/cmss/bx/n --> OT1/lmss/bx/n on input line 36.
LaTeX Font Info:    Overwriting math alphabet `\mathit' in version `bold'
(Font)                  OT1/cmr/bx/it --> OT1/lmr/bx/it on input line 37.
LaTeX Font Info:    Overwriting math alphabet `\mathtt' in version `bold'
(Font)                  OT1/cmtt/m/n --> OT1/lmtt/m/n on input line 38.
)
(D:\Ctex\MiKTeX\tex\latex\listings\listings.sty
\lst@mode=\count170
\lst@gtempboxa=\box61
\lst@token=\toks51
\lst@length=\count171
\lst@currlwidth=\dimen205
\lst@column=\count172
\lst@pos=\count173
\lst@lostspace=\dimen206
\lst@width=\dimen207
\lst@newlines=\count174
\lst@lineno=\count175
\lst@maxwidth=\dimen208

(D:\Ctex\MiKTeX\tex\latex\listings\lstmisc.sty
File: lstmisc.sty 2014/03/04 1.5c (Carsten Heinz)
\c@lstnumber=\count176
\lst@skipnumbers=\count177
\lst@framebox=\box62
)
(D:\Ctex\MiKTeX\tex\latex\listings\listings.cfg
File: listings.cfg 2014/03/04 1.5c listings configuration
))
Package: listings 2014/03/04 1.5c (Carsten Heinz)

(D:\Ctex\MiKTeX\tex\latex\wasysym\wasysym.sty
Package: wasysym 2003/10/30 v2.0 Wasy-2 symbol support package
\symwasy=\mathgroup6
LaTeX Font Info:    Overwriting symbol font `wasy' in version `bold'
(Font)                  U/wasy/m/n --> U/wasy/b/n on input line 90.
)
! Too many }'s.
l.52 ...ommand{\baselinestretch}{1.3} \normalsize}
                                                     % % % % ËÆæÁΩÆË°åÈó¥Ë∑ù
You've closed more groups than you opened.
Such booboos are generally harmless, so keep going.

(D:\Ctex\MiKTeX\tex\latex\listings\lstlang1.sty
File: lstlang1.sty 2014/03/04 1.5c listings language file
)
(D:\Ctex\MiKTeX\tex\latex\listings\lstmisc.sty
File: lstmisc.sty 2014/03/04 1.5c (Carsten Heinz)
)
("F:\R‰∏éËá™Âä®ÂåñÊä•Âëä\RËØ≠Ë®Ä‰ºöËÆÆ\Air pollution.aux")
LaTeX Font Info:    Checking defaults for OML/cmm/m/it on input line 117.
LaTeX Font Info:    ... okay on input line 117.
LaTeX Font Info:    Checking defaults for T1/cmr/m/n on input line 117.
LaTeX Font Info:    ... okay on input line 117.
LaTeX Font Info:    Checking defaults for OT1/cmr/m/n on input line 117.
LaTeX Font Info:    ... okay on input line 117.
LaTeX Font Info:    Checking defaults for OMS/cmsy/m/n on input line 117.
LaTeX Font Info:    ... okay on input line 117.
LaTeX Font Info:    Checking defaults for OMX/cmex/m/n on input line 117.
LaTeX Font Info:    ... okay on input line 117.
LaTeX Font Info:    Checking defaults for U/cmr/m/n on input line 117.
LaTeX Font Info:    ... okay on input line 117.
LaTeX Font Info:    Checking defaults for PD1/pdf/m/n on input line 117.
LaTeX Font Info:    ... okay on input line 117.
LaTeX Font Info:    Checking defaults for C00/song/m/n on input line 117.
LaTeX Font Info:    ... okay on input line 117.
LaTeX Font Info:    Checking defaults for C05/song/m/n on input line 117.
LaTeX Font Info:    ... okay on input line 117.
LaTeX Font Info:    Checking defaults for C09/song/m/n on input line 117.
LaTeX Font Info:    ... okay on input line 117.
LaTeX Font Info:    Checking defaults for C10/song/m/n on input line 117.
LaTeX Font Info:    ... okay on input line 117.
LaTeX Font Info:    Checking defaults for C20/song/m/n on input line 117.
LaTeX Font Info:    ... okay on input line 117.
LaTeX Font Info:    Checking defaults for C19/song/m/n on input line 117.
LaTeX Font Info:    ... okay on input line 117.
LaTeX Font Info:    Checking defaults for C40/song/m/n on input line 117.
LaTeX Font Info:    ... okay on input line 117.
LaTeX Font Info:    Checking defaults for C42/song/m/n on input line 117.
LaTeX Font Info:    ... okay on input line 117.
LaTeX Font Info:    Checking defaults for C43/song/m/n on input line 117.
LaTeX Font Info:    ... okay on input line 117.
LaTeX Font Info:    Checking defaults for C50/song/m/n on input line 117.
LaTeX Font Info:    ... okay on input line 117.
LaTeX Font Info:    Checking defaults for C52/song/m/n on input line 117.
LaTeX Font Info:    ... okay on input line 117.
LaTeX Font Info:    Checking defaults for C49/song/m/n on input line 117.
LaTeX Font Info:    ... okay on input line 117.
LaTeX Font Info:    Checking defaults for C60/mj/m/n on input line 117.
LaTeX Font Info:    ... okay on input line 117.
LaTeX Font Info:    Checking defaults for C61/mj/m/n on input line 117.
LaTeX Font Info:    ... okay on input line 117.
LaTeX Font Info:    Checking defaults for C63/mj/m/n on input line 117.
LaTeX Font Info:    ... okay on input line 117.
LaTeX Font Info:    Checking defaults for C64/mj/m/n on input line 117.
LaTeX Font Info:    ... okay on input line 117.
LaTeX Font Info:    Checking defaults for C65/mj/m/n on input line 117.
LaTeX Font Info:    ... okay on input line 117.
LaTeX Font Info:    Checking defaults for C70/song/m/n on input line 117.
LaTeX Font Info:    ... okay on input line 117.
LaTeX Font Info:    Checking defaults for C31/song/m/n on input line 117.
LaTeX Font Info:    ... okay on input line 117.
LaTeX Font Info:    Checking defaults for C32/song/m/n on input line 117.
LaTeX Font Info:    ... okay on input line 117.
LaTeX Font Info:    Checking defaults for C33/song/m/n on input line 117.
LaTeX Font Info:    ... okay on input line 117.
LaTeX Font Info:    Checking defaults for C34/song/m/n on input line 117.
LaTeX Font Info:    ... okay on input line 117.
LaTeX Font Info:    Checking defaults for C35/song/m/n on input line 117.
LaTeX Font Info:    ... okay on input line 117.
LaTeX Font Info:    Checking defaults for C36/song/m/n on input line 117.
LaTeX Font Info:    ... okay on input line 117.
LaTeX Font Info:    Checking defaults for C37/song/m/n on input line 117.
LaTeX Font Info:    ... okay on input line 117.
LaTeX Font Info:    Checking defaults for C80/song/m/n on input line 117.
LaTeX Font Info:    ... okay on input line 117.
LaTeX Font Info:    Checking defaults for C81/song/m/n on input line 117.
LaTeX Font Info:    ... okay on input line 117.
LaTeX Font Info:    Checking defaults for C01/song/m/n on input line 117.
LaTeX Font Info:    ... okay on input line 117.
LaTeX Font Info:    Checking defaults for C11/song/m/n on input line 117.
LaTeX Font Info:    ... okay on input line 117.
LaTeX Font Info:    Checking defaults for C21/song/m/n on input line 117.
LaTeX Font Info:    ... okay on input line 117.
LaTeX Font Info:    Checking defaults for C41/song/m/n on input line 117.
LaTeX Font Info:    ... okay on input line 117.
LaTeX Font Info:    Checking defaults for C62/song/m/n on input line 117.
LaTeX Font Info:    ... okay on input line 117.
LaTeX Font Info:    Try loading font information for T1+lmss on input line 117.


(D:\Ctex\MiKTeX\tex\latex\lm\t1lmss.fd
File: t1lmss.fd 2009/10/30 v1.6 Font defs for Latin Modern
)
*geometry* driver: auto-detecting
*geometry* detected driver: pdftex
*geometry* verbose mode - [ preamble ] result:
* driver: pdftex
* paper: custom
* layout: <same size as paper>
* layoutoffset:(h,v)=(0.0pt,0.0pt)
* modes: includehead includefoot 
* h-part:(L,W,R)=(14.22636pt, 278.83713pt, 71.13187pt)
* v-part:(T,H,B)=(0.0pt, 273.14662pt, 0.0pt)
* \paperwidth=364.19536pt
* \paperheight=273.14662pt
* \textwidth=278.83713pt
* \textheight=244.6939pt
* \oddsidemargin=-58.04362pt
* \evensidemargin=-58.04362pt
* \topmargin=-72.26999pt
* \headheight=14.22636pt
* \headsep=0.0pt
* \topskip=10.0pt
* \footskip=14.22636pt
* \marginparwidth=3.0pt
* \marginparsep=11.0pt
* \columnsep=10.0pt
* \skip\footins=9.0pt plus 4.0pt minus 2.0pt
* \hoffset=0.0pt
* \voffset=0.0pt
* \mag=1000
* \@twocolumnfalse
* \@twosidefalse
* \@mparswitchfalse
* \@reversemarginfalse
* (1in=72.27pt=25.4mm, 1cm=28.453pt)

(D:\Ctex\MiKTeX\tex\context\base\supp-pdf.mkii
[Loading MPS to PDF converter (version 2006.09.02).]
\scratchcounter=\count178
\scratchdimen=\dimen209
\scratchbox=\box63
\nofMPsegments=\count179
\nofMParguments=\count180
\everyMPshowfont=\toks52
\MPscratchCnt=\count181
\MPscratchDim=\dimen210
\MPnumerator=\count182
\makeMPintoPDFobject=\count183
\everyMPtoPDFconversion=\toks53
) ABD: EveryShipout initializing macros
\AtBeginShipoutBox=\box64
Package hyperref Info: Link coloring OFF on input line 117.

(D:\Ctex\MiKTeX\tex\latex\hyperref\nameref.sty
Package: nameref 2012/10/27 v2.43 Cross-referencing by name of section

(D:\Ctex\MiKTeX\tex\generic\oberdiek\gettitlestring.sty
Package: gettitlestring 2010/12/03 v1.4 Cleanup title references (HO)
)
\c@section@level=\count184
)
LaTeX Info: Redefining \ref on input line 117.
LaTeX Info: Redefining \pageref on input line 117.
LaTeX Info: Redefining \nameref on input line 117.

("F:\R‰∏éËá™Âä®ÂåñÊä•Âëä\RËØ≠Ë®Ä‰ºöËÆÆ\Air pollution.out")
("F:\R‰∏éËá™Âä®ÂåñÊä•Âëä\RËØ≠Ë®Ä‰ºöËÆÆ\Air pollution.out")
\@outlinefile=\write6
LaTeX Font Info:    Overwriting symbol font `operators' in version `normal'
(Font)                  OT1/lmr/m/n --> OT1/cmss/m/n on input line 117.
LaTeX Font Info:    Overwriting symbol font `operators' in version `bold'
(Font)                  OT1/lmr/bx/n --> OT1/cmss/bx/n on input line 117.
LaTeX Font Info:    Overwriting symbol font `operators' in version `normal'
(Font)                  OT1/cmss/m/n --> OT1/lmss/m/n on input line 117.
LaTeX Font Info:    Overwriting symbol font `operators' in version `bold'
(Font)                  OT1/cmss/bx/n --> OT1/lmss/bx/n on input line 117.
\symnumbers=\mathgroup7
\sympureletters=\mathgroup8
LaTeX Font Info:    Overwriting math alphabet `\mathrm' in version `normal'
(Font)                  OT1/lmss/m/n --> T1/lmr/m/n on input line 117.
LaTeX Font Info:    Redeclaring math alphabet \mathbf on input line 117.
LaTeX Font Info:    Overwriting math alphabet `\mathbf' in version `normal'
(Font)                  OT1/lmr/bx/n --> T1/lmss/bx/n on input line 117.
LaTeX Font Info:    Overwriting math alphabet `\mathbf' in version `bold'
(Font)                  OT1/lmr/bx/n --> T1/lmss/bx/n on input line 117.
LaTeX Font Info:    Redeclaring math alphabet \mathsf on input line 117.
LaTeX Font Info:    Overwriting math alphabet `\mathsf' in version `normal'
(Font)                  OT1/lmss/m/n --> T1/lmss/m/n on input line 117.
LaTeX Font Info:    Overwriting math alphabet `\mathsf' in version `bold'
(Font)                  OT1/lmss/bx/n --> T1/lmss/m/n on input line 117.
LaTeX Font Info:    Redeclaring math alphabet \mathit on input line 117.
LaTeX Font Info:    Overwriting math alphabet `\mathit' in version `normal'
(Font)                  OT1/lmr/m/it --> T1/lmss/m/it on input line 117.
LaTeX Font Info:    Overwriting math alphabet `\mathit' in version `bold'
(Font)                  OT1/lmr/bx/it --> T1/lmss/m/it on input line 117.
LaTeX Font Info:    Redeclaring math alphabet \mathtt on input line 117.
LaTeX Font Info:    Overwriting math alphabet `\mathtt' in version `normal'
(Font)                  OT1/lmtt/m/n --> T1/lmtt/m/n on input line 117.
LaTeX Font Info:    Overwriting math alphabet `\mathtt' in version `bold'
(Font)                  OT1/lmtt/m/n --> T1/lmtt/m/n on input line 117.
LaTeX Font Info:    Overwriting symbol font `numbers' in version `bold'
(Font)                  T1/lmss/m/n --> T1/lmss/bx/n on input line 117.
LaTeX Font Info:    Overwriting symbol font `pureletters' in version `bold'
(Font)                  T1/lmss/m/it --> T1/lmss/bx/it on input line 117.
LaTeX Font Info:    Overwriting math alphabet `\mathrm' in version `bold'
(Font)                  OT1/lmss/bx/n --> T1/lmr/bx/n on input line 117.
LaTeX Font Info:    Overwriting math alphabet `\mathbf' in version `bold'
(Font)                  T1/lmss/bx/n --> T1/lmss/bx/n on input line 117.
LaTeX Font Info:    Overwriting math alphabet `\mathsf' in version `bold'
(Font)                  T1/lmss/m/n --> T1/lmss/bx/n on input line 117.
LaTeX Font Info:    Overwriting math alphabet `\mathit' in version `bold'
(Font)                  T1/lmss/m/it --> T1/lmss/bx/it on input line 117.
LaTeX Font Info:    Overwriting math alphabet `\mathtt' in version `bold'
(Font)                  T1/lmtt/m/n --> T1/lmtt/bx/n on input line 117.

(D:\Ctex\MiKTeX\tex\latex\beamer\base\translator\dicts\translator-basic-diction
ary\translator-basic-dictionary-English.dict
Dictionary: translator-basic-dictionary, Language: English 
)
(D:\Ctex\MiKTeX\tex\latex\beamer\base\translator\dicts\translator-bibliography-
dictionary\translator-bibliography-dictionary-English.dict
Dictionary: translator-bibliography-dictionary, Language: English 
)
(D:\Ctex\MiKTeX\tex\latex\beamer\base\translator\dicts\translator-environment-d
ictionary\translator-environment-dictionary-English.dict
Dictionary: translator-environment-dictionary, Language: English 
)
(D:\Ctex\MiKTeX\tex\latex\beamer\base\translator\dicts\translator-months-dictio
nary\translator-months-dictionary-English.dict
Dictionary: translator-months-dictionary, Language: English 
)
(D:\Ctex\MiKTeX\tex\latex\beamer\base\translator\dicts\translator-numbers-dicti
onary\translator-numbers-dictionary-English.dict
Dictionary: translator-numbers-dictionary, Language: English 
)
(D:\Ctex\MiKTeX\tex\latex\beamer\base\translator\dicts\translator-theorem-dicti
onary\translator-theorem-dictionary-English.dict
Dictionary: translator-theorem-dictionary, Language: English 
)
LaTeX Info: Redefining \includegraphics on input line 117.
\c@lstlisting=\count185

("F:\R‰∏éËá™Âä®ÂåñÊä•Âëä\RËØ≠Ë®Ä‰ºöËÆÆ\Air pollution.nav")
(D:\Ctex\MiKTeX\tex\latex\cjk\UTF8\UTF8.bdg
File: UTF8.bdg 2012/05/07 4.8.3
)
(D:\Ctex\MiKTeX\tex\latex\cjk\UTF8\UTF8.enc
File: UTF8.enc 2012/05/07 4.8.3
)
(D:\Ctex\MiKTeX\tex\latex\cjk\UTF8\UTF8.chr
File: UTF8.chr 2012/05/07 4.8.3
)

Package hyperref Warning: Option `pdfauthor' has already been used,
(hyperref)                setting the option has no effect on input line 131.

LaTeX Font Info:    Try loading font information for C70+song on input line 165
.
(D:\Ctex\CTeX\tex\latex\CJK\UTF8\c70song.fd
File: c70song.fd 2009/09/23 4.8.2
)
LaTeX Font Info:    Try loading font information for OT1+lmss on input line 165
.

(D:\Ctex\MiKTeX\tex\latex\lm\ot1lmss.fd
File: ot1lmss.fd 2009/10/30 v1.6 Font defs for Latin Modern
)
LaTeX Font Info:    Try loading font information for OML+lmm on input line 165.

 (D:\Ctex\MiKTeX\tex\latex\lm\omllmm.fd
File: omllmm.fd 2009/10/30 v1.6 Font defs for Latin Modern
)
LaTeX Font Info:    Try loading font information for OMS+lmsy on input line 165
.
 (D:\Ctex\MiKTeX\tex\latex\lm\omslmsy.fd
File: omslmsy.fd 2009/10/30 v1.6 Font defs for Latin Modern
)
LaTeX Font Info:    Try loading font information for OMX+lmex on input line 165
.

(D:\Ctex\MiKTeX\tex\latex\lm\omxlmex.fd
File: omxlmex.fd 2009/10/30 v1.6 Font defs for Latin Modern
)
LaTeX Font Info:    External font `lmex10' loaded for size
(Font)              <10> on input line 165.
LaTeX Font Info:    External font `lmex10' loaded for size
(Font)              <7> on input line 165.
LaTeX Font Info:    External font `lmex10' loaded for size
(Font)              <5> on input line 165.
LaTeX Font Info:    Try loading font information for U+msa on input line 165.

(D:\Ctex\MiKTeX\tex\latex\amsfonts\umsa.fd
File: umsa.fd 2013/01/14 v3.01 AMS symbols A
)
LaTeX Font Info:    Try loading font information for U+msb on input line 165.

(D:\Ctex\MiKTeX\tex\latex\amsfonts\umsb.fd
File: umsb.fd 2013/01/14 v3.01 AMS symbols B
)
LaTeX Font Info:    Try loading font information for U+wasy on input line 165.

(D:\Ctex\MiKTeX\tex\latex\wasysym\uwasy.fd
File: uwasy.fd 2003/10/30 v2.0 Wasy-2 symbol font definitions
)
LaTeX Font Info:    Font shape `T1/lmss/m/it' in size <10> not available
(Font)              Font shape `T1/lmss/m/sl' tried instead on input line 165.
LaTeX Font Info:    Font shape `T1/lmss/m/it' in size <7> not available
(Font)              Font shape `T1/lmss/m/sl' tried instead on input line 165.
LaTeX Font Info:    Font shape `T1/lmss/m/it' in size <5> not available
(Font)              Font shape `T1/lmss/m/sl' tried instead on input line 165.

Overfull \hbox (56.9055pt too wide) in paragraph at lines 165--165
$[]$[]  
 []


Overfull \vbox (11.0pt too high) has occurred while \output is active []

 [1

{D:/Ctex/UserData/pdftex/config/pdftex.map{Unicode.sfd}{UGBK.sfd}}]
("F:\R‰∏éËá™Âä®ÂåñÊä•Âëä\RËØ≠Ë®Ä‰ºöËÆÆ\Air pollution.toc"
LaTeX Font Info:    Try loading font information for C70+you on input line 3.

(D:\Ctex\CTeX\tex\latex\CJK\UTF8\c70you.fd
File: c70you.fd 2009/09/23 4.8.2
))
LaTeX Font Info:    External font `lmex10' loaded for size
(Font)              <14.4> on input line 169.
LaTeX Font Info:    Font shape `T1/lmss/m/it' in size <14.4> not available
(Font)              Font shape `T1/lmss/m/sl' tried instead on input line 169.

Overfull \vbox (4.17862pt too high) has occurred while \output is active []


[2

]

! Package keyval Error: heigth undefined.

See the keyval package documentation for explanation.
Type  H <return>  for immediate help.
 ...                                              
                                                  
l.186  \end{frame}
                  
Try typing  <return>  to proceed.
If that doesn't work, type  X <return>  to quit.

<figure/flog2.jpg, id=248, 144.54pt x 96.1191pt>
File: figure/flog2.jpg Graphic file (type jpg)
 <use figure/flog2.jpg>
Package pdftex.def Info: figure/flog2.jpg used on input line 186.
(pdftex.def)             Requested size: 125.47585pt x 83.44104pt.


! Package keyval Error: heigth undefined.

See the keyval package documentation for explanation.
Type  H <return>  for immediate help.
 ...                                              
                                                  
l.186  \end{frame}
                  
Try typing  <return>  to proceed.
If that doesn't work, type  X <return>  to quit.

<figure/flog1.jpg, id=249, 853.1875pt x 569.12625pt>
File: figure/flog1.jpg Graphic file (type jpg)
 <use figure/flog1.jpg>
Package pdftex.def Info: figure/flog1.jpg used on input line 186.
(pdftex.def)             Requested size: 125.47585pt x 83.69789pt.

Overfull \vbox (4.17862pt too high) has occurred while \output is active []


[3

 <F:/R‰∏éËá™Âä®ÂåñÊä•Âëä/RËØ≠Ë®Ä‰ºöËÆÆ/figure/flog2.jpg> <F:/R‰∏éËá™Âä®ÂåñÊä•Âë
ä/RËØ≠Ë®Ä‰ºöËÆÆ/figure/flog1.jpg>]

! Package keyval Error: heigth undefined.

See the keyval package documentation for explanation.
Type  H <return>  for immediate help.
 ...                                              
                                                  
l.199 \end{frame}
                 
Try typing  <return>  to proceed.
If that doesn't work, type  X <return>  to quit.

<figure/stardart.png, id=289, 521.69907pt x 270.25969pt>
File: figure/stardart.png Graphic file (type png)

<use figure/stardart.png>
Package pdftex.def Info: figure/stardart.png used on input line 199.
(pdftex.def)             Requested size: 223.07054pt x 115.55783pt.

Overfull \vbox (4.17862pt too high) has occurred while \output is active []


[4

 <F:/R‰∏éËá™Âä®ÂåñÊä•Âëä/RËØ≠Ë®Ä‰ºöËÆÆ/figure/stardart.png>]
Overfull \vbox (4.17862pt too high) has occurred while \output is active []


[5

] ("F:\R‰∏éËá™Âä®ÂåñÊä•Âëä\RËØ≠Ë®Ä‰ºöËÆÆ\Air pollution.toc")
Overfull \vbox (4.17862pt too high) has occurred while \output is active []


[6

]
! Double subscript.
<argument> ÂæÆÂçöPM$_2_
                       ._5$
l.232 \end{frame}
                 
I treat `x_1_2' essentially like `x_1{}_2'.

! Double subscript.
<argument> ÂæÆÂçöPM$_2_._
                         5$
l.232 \end{frame}
                 
I treat `x_1_2' essentially like `x_1{}_2'.


Overfull \vbox (4.17862pt too high) has occurred while \output is active []


[7

]

! Package keyval Error: heigth undefined.

See the keyval package documentation for explanation.
Type  H <return>  for immediate help.
 ...                                              
                                                  
l.247 \end{frame}
                 
Try typing  <return>  to proceed.
If that doesn't work, type  X <return>  to quit.

<figure/code1.png, id=410, 414.79968pt x 134.75343pt>
File: figure/code1.png Graphic file (type png)
 <use figure/code1.png>
Package pdftex.def Info: figure/code1.png used on input line 247.
(pdftex.def)             Requested size: 223.07054pt x 72.46762pt.

Overfull \vbox (4.17862pt too high) has occurred while \output is active []


[8

 <F:/R‰∏éËá™Âä®ÂåñÊä•Âëä/RËØ≠Ë®Ä‰ºöËÆÆ/figure/code1.png>]
LaTeX Font Info:    External font `lmex10' loaded for size
(Font)              <8> on input line 269.
LaTeX Font Info:    External font `lmex10' loaded for size
(Font)              <6> on input line 269.
LaTeX Font Info:    Font shape `T1/lmss/m/it' in size <8> not available
(Font)              Font shape `T1/lmss/m/sl' tried instead on input line 269.
LaTeX Font Info:    Font shape `T1/lmss/m/it' in size <6> not available
(Font)              Font shape `T1/lmss/m/sl' tried instead on input line 269.


! Package keyval Error: heigth undefined.

See the keyval package documentation for explanation.
Type  H <return>  for immediate help.
 ...                                              
                                                  
l.269 \end{frame}
                 
Try typing  <return>  to proceed.
If that doesn't work, type  X <return>  to quit.

<figure/code2.png, id=435, 716.6775pt x 342.5297pt>
File: figure/code2.png Graphic file (type png)
 <use figure/code2.png>
Package pdftex.def Info: figure/code2.png used on input line 269.
(pdftex.def)             Requested size: 250.9517pt x 119.93945pt.
LaTeX Font Info:    Calculating math sizes for size <5.25> on input line 269.
LaTeX Font Info:    External font `lmex10' loaded for size
(Font)              <5.25> on input line 269.
LaTeX Font Info:    External font `lmex10' loaded for size
(Font)              <3.67497> on input line 269.
LaTeX Font Info:    External font `lmex10' loaded for size
(Font)              <2.625> on input line 269.


LaTeX Font Warning: Font shape `U/wasy/m/n' in size <3.67497> not available
(Font)              size <5> substituted on input line 269.


LaTeX Font Warning: Font shape `U/wasy/m/n' in size <2.625> not available
(Font)              size <5> substituted on input line 269.

LaTeX Font Info:    Font shape `T1/lmss/m/it' in size <5.25> not available
(Font)              Font shape `T1/lmss/m/sl' tried instead on input line 269.
LaTeX Font Info:    Font shape `T1/lmss/m/it' in size <3.67497> not available
(Font)              Font shape `T1/lmss/m/sl' tried instead on input line 269.
LaTeX Font Info:    Font shape `T1/lmss/m/it' in size <2.625> not available
(Font)              Font shape `T1/lmss/m/sl' tried instead on input line 269.

Overfull \vbox (4.17862pt too high) has occurred while \output is active []


[9

 <F:/R‰∏éËá™Âä®ÂåñÊä•Âëä/RËØ≠Ë®Ä‰ºöËÆÆ/figure/code2.png>]

! Package keyval Error: heigth undefined.

See the keyval package documentation for explanation.
Type  H <return>  for immediate help.
 ...                                              
                                                  
l.282 \end{frame}
                 
Try typing  <return>  to proceed.
If that doesn't work, type  X <return>  to quit.

<figure/code3.png, id=462, 520.94624pt x 131.74219pt>
File: figure/code3.png Graphic file (type png)
 <use figure/code3.png>
Package pdftex.def Info: figure/code3.png used on input line 282.
(pdftex.def)             Requested size: 250.9517pt x 63.46268pt.

Overfull \vbox (4.17862pt too high) has occurred while \output is active []


[10

 <F:/R‰∏éËá™Âä®ÂåñÊä•Âëä/RËØ≠Ë®Ä‰ºöËÆÆ/figure/code3.png>]
("F:\R‰∏éËá™Âä®ÂåñÊä•Âëä\RËØ≠Ë®Ä‰ºöËÆÆ\Air pollution.toc")
Overfull \vbox (4.17862pt too high) has occurred while \output is active []


[11

]

! Package keyval Error: heigth undefined.

See the keyval package documentation for explanation.
Type  H <return>  for immediate help.
 ...                                              
                                                  
l.294 \end{frame}
                 
Try typing  <return>  to proceed.
If that doesn't work, type  X <return>  to quit.

<figure/Mpollutant.pdf, id=517, 616.53236pt x 483.42015pt>
File: figure/Mpollutant.pdf Graphic file (type pdf)

<use figure/Mpollutant.pdf>
Package pdftex.def Info: figure/Mpollutant.pdf used on input line 294.
(pdftex.def)             Requested size: 250.9517pt x 196.77252pt.
 [12

 <F:/R‰∏éËá™Âä®ÂåñÊä•Âëä/RËØ≠Ë®Ä‰ºöËÆÆ/figure/Mpollutant.pdf>]

! Package keyval Error: heigth undefined.

See the keyval package documentation for explanation.
Type  H <return>  for immediate help.
 ...                                              
                                                  
l.303   \end{frame}
                   
Try typing  <return>  to proceed.
If that doesn't work, type  X <return>  to quit.

<figure/pm25.pdf, id=539, 844.15375pt x 597.23125pt>
File: figure/pm25.pdf Graphic file (type pdf)
 <use figure/pm25.pdf>
Package pdftex.def Info: figure/pm25.pdf used on input line 303.
(pdftex.def)             Requested size: 278.83713pt x 197.27829pt.

Overfull \vbox (4.17862pt too high) has occurred while \output is active []


[13

 <F:/R‰∏éËá™Âä®ÂåñÊä•Âëä/RËØ≠Ë®Ä‰ºöËÆÆ/figure/pm25.pdf>]

! Package keyval Error: heigth undefined.

See the keyval package documentation for explanation.
Type  H <return>  for immediate help.
 ...                                              
                                                  
l.317 \end{frame}
                 
Try typing  <return>  to proceed.
If that doesn't work, type  X <return>  to quit.

<figure/11pm25.pdf, id=571, 844.15375pt x 597.23125pt>
File: figure/11pm25.pdf Graphic file (type pdf)
 <use figure/11pm25.pdf>
Package pdftex.def Info: figure/11pm25.pdf used on input line 317.
(pdftex.def)             Requested size: 125.47585pt x 88.76976pt.


! Package keyval Error: heigth undefined.

See the keyval package documentation for explanation.
Type  H <return>  for immediate help.
 ...                                              
                                                  
l.317 \end{frame}
                 
Try typing  <return>  to proceed.
If that doesn't work, type  X <return>  to quit.

<figure/interpretation.pdf, id=572, 844.15375pt x 597.23125pt>
File: figure/interpretation.pdf Graphic file (type pdf)

<use figure/interpretation.pdf>
Package pdftex.def Info: figure/interpretation.pdf used on input line 317.
(pdftex.def)             Requested size: 125.47585pt x 88.76976pt.

Overfull \vbox (4.17862pt too high) has occurred while \output is active []


[14

 <F:/R‰∏éËá™Âä®ÂåñÊä•Âëä/RËØ≠Ë®Ä‰ºöËÆÆ/figure/11pm25.pdf> <F:/R‰∏éËá™Âä®ÂåñÊä•Â
ëä/RËØ≠Ë®Ä‰ºöËÆÆ/figure/interpretation.pdf

pdfTeX warning: pdflatex.exe (file F:/R‰∏éËá™Âä®ÂåñÊä•Âëä/RËØ≠Ë®Ä‰ºöËÆÆ/figure/
interpretation.pdf): PDF inclusion: multiple pdfs with page group included in a
 single page
>] ("F:\R‰∏éËá™Âä®ÂåñÊä•Âëä\RËØ≠Ë®Ä‰ºöËÆÆ\Air pollution.toc")
Overfull \vbox (4.17862pt too high) has occurred while \output is active []


[15

]
Overfull \vbox (4.17862pt too high) has occurred while \output is active []


[16

]
Overfull \vbox (4.17862pt too high) has occurred while \output is active []


[17

]
Overfull \vbox (4.17862pt too high) has occurred while \output is active []


[18

]
Overfull \vbox (4.17862pt too high) has occurred while \output is active []


[19

]

! Package keyval Error: heigth undefined.

See the keyval package documentation for explanation.
Type  H <return>  for immediate help.
 ...                                              
                                                  
l.369 \end{frame}
                 
Try typing  <return>  to proceed.
If that doesn't work, type  X <return>  to quit.

<figure/anal.png, id=758, 728.7225pt x 375.65344pt>
File: figure/anal.png Graphic file (type png)
 <use figure/anal.png>
Package pdftex.def Info: figure/anal.png used on input line 369.
(pdftex.def)             Requested size: 223.07054pt x 114.9897pt.

Overfull \vbox (4.17862pt too high) has occurred while \output is active []


[20

 <F:/R‰∏éËá™Âä®ÂåñÊä•Âëä/RËØ≠Ë®Ä‰ºöËÆÆ/figure/anal.png>]

! Package keyval Error: heigth undefined.

See the keyval package documentation for explanation.
Type  H <return>  for immediate help.
 ...                                              
                                                  
l.382 \end{frame}
                 
Try typing  <return>  to proceed.
If that doesn't work, type  X <return>  to quit.

<figure/result1.pdf, id=780, 844.15375pt x 597.23125pt>
File: figure/result1.pdf Graphic file (type pdf)

<use figure/result1.pdf>
Package pdftex.def Info: figure/result1.pdf used on input line 382.
(pdftex.def)             Requested size: 125.47585pt x 88.76976pt.


! Package keyval Error: heigth undefined.

See the keyval package documentation for explanation.
Type  H <return>  for immediate help.
 ...                                              
                                                  
l.382 \end{frame}
                 
Try typing  <return>  to proceed.
If that doesn't work, type  X <return>  to quit.

<figure/result2.pdf, id=781, 844.15375pt x 597.23125pt>
File: figure/result2.pdf Graphic file (type pdf)

<use figure/result2.pdf>
Package pdftex.def Info: figure/result2.pdf used on input line 382.
(pdftex.def)             Requested size: 125.47585pt x 88.76976pt.

Overfull \vbox (4.17862pt too high) has occurred while \output is active []


[21

 <F:/R‰∏éËá™Âä®ÂåñÊä•Âëä/RËØ≠Ë®Ä‰ºöËÆÆ/figure/result1.pdf> <F:/R‰∏éËá™Âä®ÂåñÊä•
Âëä/RËØ≠Ë®Ä‰ºöËÆÆ/figure/result2.pdf

pdfTeX warning: pdflatex.exe (file F:/R‰∏éËá™Âä®ÂåñÊä•Âëä/RËØ≠Ë®Ä‰ºöËÆÆ/figure/
result2.pdf): PDF inclusion: multiple pdfs with page group included in a single
 page
>] ("F:\R‰∏éËá™Âä®ÂåñÊä•Âëä\RËØ≠Ë®Ä‰ºöËÆÆ\Air pollution.toc")
Overfull \vbox (4.17862pt too high) has occurred while \output is active []


[22

]
Overfull \vbox (4.17862pt too high) has occurred while \output is active []


[23

]
\tf@nav=\write7
\tf@toc=\write8
\tf@snm=\write9
Package atveryend Info: Empty hook `BeforeClearDocument' on input line 395.
Package atveryend Info: Empty hook `AfterLastShipout' on input line 395.
 ("F:\R‰∏éËá™Âä®ÂåñÊä•Âëä\RËØ≠Ë®Ä‰ºöËÆÆ\Air pollution.aux")
Package atveryend Info: Executing hook `AtVeryEndDocument' on input line 395.
Package atveryend Info: Executing hook `AtEndAfterFileList' on input line 395.
Package rerunfilecheck Info: File `Air*pollution.out' has not changed.
(rerunfilecheck)             Checksum: <no file>.


LaTeX Font Warning: Size substitutions with differences
(Font)              up to 2.375pt have occurred.

Package atveryend Info: Empty hook `AtVeryVeryEnd' on input line 395.
 ) 
Here is how much of TeX's memory you used:
 25259 strings out of 493706
 459433 string characters out of 3149897
 543646 words of memory out of 3000000
 27545 multiletter control sequences out of 15000+200000
 168221 words of font info for 315 fonts, out of 3000000 for 9000
 1025 hyphenation exceptions out of 8191
 60i,21n,85p,417b,2096s stack positions out of 5000i,500n,10000p,200000b,50000s
<D:/Ctex/CTeX/fonts/truetype/chinese/simsun.ttf>{D:/Ctex/MiKTeX/fonts/enc/dvi
ps/lm/lm-rm.enc}{D:/Ctex/MiKTeX/fonts/enc/dvips/lm/lm-mathex.enc}<D:/Ctex/CTeX/
fonts/truetype/chinese/simsun.ttf><D:/Ctex/CTeX/fonts/truetype/chinese/simsun.t
tf><D:/Ctex/CTeX/fonts/truetype/chinese/simsun.ttf><D:/Ctex/CTeX/fonts/truetype
/chinese/simsun.ttf><D:/Ctex/CTeX/fonts/truetype/chinese/simsun.ttf><C:/windows
/Fonts/simyou.ttf><C:/windows/Fonts/simyou.ttf><C:/windows/Fonts/simyou.ttf><C:
/windows/Fonts/simyou.ttf><C:/windows/Fonts/simyou.ttf><C:/windows/Fonts/simyou
.ttf><C:/windows/Fonts/simyou.ttf><C:/windows/Fonts/simyou.ttf><C:/windows/Font
s/simyou.ttf><D:/Ctex/CTeX/fonts/truetype/chinese/simsun.ttf><C:/windows/Fonts/
simyou.ttf><C:/windows/Fonts/simyou.ttf><D:/Ctex/CTeX/fonts/truetype/chinese/si
msun.ttf><D:/Ctex/CTeX/fonts/truetype/chinese/simsun.ttf><D:/Ctex/CTeX/fonts/tr
uetype/chinese/simsun.ttf>{D:/Ctex/MiKTeX/fonts/enc/dvips/lm/lm-mathit.enc}{D:/
Ctex/MiKTeX/fonts/enc/dvips/lm/lm-ec.enc}<D:/Ctex/CTeX/fonts/truetype/chinese/s
imsun.ttf><C:/windows/Fonts/simyou.ttf><C:/windows/Fonts/simyou.ttf><D:/Ctex/CT
eX/fonts/truetype/chinese/simsun.ttf>{D:/Ctex/MiKTeX/fonts/enc/dvips/lm/lm-math
sy.enc}<D:/Ctex/CTeX/fonts/truetype/chinese/simsun.ttf><D:/Ctex/CTeX/fonts/true
type/chinese/simsun.ttf><D:/Ctex/CTeX/fonts/truetype/chinese/simsun.ttf><D:/Cte
x/CTeX/fonts/truetype/chinese/simsun.ttf><D:/Ctex/CTeX/fonts/truetype/chinese/s
imsun.ttf><D:/Ctex/CTeX/fonts/truetype/chinese/simsun.ttf><D:/Ctex/CTeX/fonts/t
ruetype/chinese/simsun.ttf><D:/Ctex/CTeX/fonts/truetype/chinese/simsun.ttf><D:/
Ctex/CTeX/fonts/truetype/chinese/simsun.ttf><D:/Ctex/CTeX/fonts/truetype/chines
e/simsun.ttf><D:/Ctex/CTeX/fonts/truetype/chinese/simsun.ttf><D:/Ctex/CTeX/font
s/truetype/chinese/simsun.ttf><D:/Ctex/CTeX/fonts/truetype/chinese/simsun.ttf><
D:/Ctex/CTeX/fonts/truetype/chinese/simsun.ttf><D:/Ctex/CTeX/fonts/truetype/chi
nese/simsun.ttf><D:/Ctex/CTeX/fonts/truetype/chinese/simsun.ttf><D:/Ctex/CTeX/f
onts/truetype/chinese/simsun.ttf><D:/Ctex/CTeX/fonts/truetype/chinese/simsun.tt
f><D:/Ctex/CTeX/fonts/truetype/chinese/simsun.ttf><D:/Ctex/CTeX/fonts/truetype/
chinese/simsun.ttf><C:/windows/Fonts/simyou.ttf><C:/windows/Fonts/simyou.ttf><C
:/windows/Fonts/simyou.ttf><C:/windows/Fonts/simyou.ttf><C:/windows/Fonts/simyo
u.ttf><C:/windows/Fonts/simyou.ttf><C:/windows/Fonts/simyou.ttf><C:/windows/Fon
ts/simyou.ttf><C:/windows/Fonts/simyou.ttf><C:/windows/Fonts/simyou.ttf><C:/win
dows/Fonts/simyou.ttf><C:/windows/Fonts/simyou.ttf><C:/windows/Fonts/simyou.ttf
><C:/windows/Fonts/simyou.ttf><C:/windows/Fonts/simyou.ttf><C:/windows/Fonts/si
myou.ttf><C:/windows/Fonts/simyou.ttf><C:/windows/Fonts/simyou.ttf><C:/windows/
Fonts/simyou.ttf><C:/windows/Fonts/simyou.ttf><C:/windows/Fonts/simyou.ttf><C:/
windows/Fonts/simyou.ttf><D:/Ctex/CTeX/fonts/truetype/chinese/simsun.ttf><D:/Ct
ex/CTeX/fonts/truetype/chinese/simsun.ttf><D:/Ctex/CTeX/fonts/truetype/chinese/
simsun.ttf><D:/Ctex/CTeX/fonts/truetype/chinese/simsun.ttf><D:/Ctex/CTeX/fonts/
truetype/chinese/simsun.ttf><D:/Ctex/CTeX/fonts/truetype/chinese/simsun.ttf><D:
/Ctex/CTeX/fonts/truetype/chinese/simsun.ttf><D:/Ctex/CTeX/fonts/truetype/chine
se/simsun.ttf><D:/Ctex/CTeX/fonts/truetype/chinese/simsun.ttf><D:/Ctex/CTeX/fon
ts/truetype/chinese/simsun.ttf><D:/Ctex/CTeX/fonts/truetype/chinese/simsun.ttf>
<D:/Ctex/CTeX/fonts/truetype/chinese/simsun.ttf><D:/Ctex/CTeX/fonts/truetype/ch
inese/simsun.ttf><D:/Ctex/CTeX/fonts/truetype/chinese/simsun.ttf><D:/Ctex/CTeX/
fonts/truetype/chinese/simsun.ttf><D:/Ctex/CTeX/fonts/truetype/chinese/simsun.t
tf><D:/Ctex/CTeX/fonts/truetype/chinese/simsun.ttf><D:/Ctex/CTeX/fonts/truetype
/chinese/simsun.ttf><D:/Ctex/CTeX/fonts/truetype/chinese/simsun.ttf><D:/Ctex/CT
eX/fonts/truetype/chinese/simsun.ttf><D:/Ctex/CTeX/fonts/truetype/chinese/simsu
n.ttf><D:/Ctex/CTeX/fonts/truetype/chinese/simsun.ttf><D:/Ctex/CTeX/fonts/truet
ype/chinese/simsun.ttf><D:/Ctex/CTeX/fonts/truetype/chinese/simsun.ttf><D:/Ctex
/CTeX/fonts/truetype/chinese/simsun.ttf><D:/Ctex/CTeX/fonts/truetype/chinese/si
msun.ttf><D:/Ctex/CTeX/fonts/truetype/chinese/simsun.ttf><D:/Ctex/CTeX/fonts/tr
uetype/chinese/simsun.ttf><D:/Ctex/CTeX/fonts/truetype/chinese/simsun.ttf><D:/C
tex/CTeX/fonts/truetype/chinese/simsun.ttf><D:/Ctex/CTeX/fonts/truetype/chinese
/simsun.ttf><D:/Ctex/CTeX/fonts/truetype/chinese/simsun.ttf><D:/Ctex/CTeX/fonts
/truetype/chinese/simsun.ttf><D:/Ctex/CTeX/fonts/truetype/chinese/simsun.ttf><D
:/Ctex/CTeX/fonts/truetype/chinese/simsun.ttf><D:/Ctex/CTeX/fonts/truetype/chin
ese/simsun.ttf><D:/Ctex/CTeX/fonts/truetype/chinese/simsun.ttf><D:/Ctex/CTeX/fo
nts/truetype/chinese/simsun.ttf><D:/Ctex/CTeX/fonts/truetype/chinese/simsun.ttf
><D:/Ctex/MiKTeX/fonts/type1/public/lm/lmex10.pfb><D:/Ctex/MiKTeX/fonts/type1/p
ublic/lm/lmmi10.pfb><D:/Ctex/MiKTeX/fonts/type1/public/lm/lmmi5.pfb><D:/Ctex/Mi
KTeX/fonts/type1/public/lm/lmmi7.pfb><D:/Ctex/MiKTeX/fonts/type1/public/lm/lmss
10.pfb><D:/Ctex/MiKTeX/fonts/type1/public/lm/lmss12.pfb><D:/Ctex/MiKTeX/fonts/t
ype1/public/lm/lmss17.pfb><D:/Ctex/MiKTeX/fonts/type1/public/lm/lmss8.pfb><D:/C
tex/MiKTeX/fonts/type1/public/lm/lmsso10.pfb><D:/Ctex/MiKTeX/fonts/type1/public
/lm/lmsso8.pfb><D:/Ctex/MiKTeX/fonts/type1/public/lm/lmsy10.pfb><D:/Ctex/MiKTeX
/fonts/type1/public/amsfonts/symbols/msam7.pfb>
Output written on "Air pollution.pdf" (23 pages, 7386272 bytes).
PDF statistics:
 1263 PDF objects out of 1440 (max. 8388607)
 63 named destinations out of 1000 (max. 500000)
 520 words of extra memory for PDF output out of 10000 (max. 10000000)

